2026-02-18 00:33:01,034 | INFO | devotion_app | GET http://127.0.0.1:8000/
2026-02-18 00:33:01,037 | INFO | devotion_app | Status: 200
2026-02-18 00:34:52,104 | INFO | devotion_app | 
2026-02-18 00:34:53,606 | INFO | devotion_app | De
2026-02-18 00:35:03,361 | INFO | devotion_app | Demarage de l'application
2026-02-18 00:35:10,973 | INFO | devotion_app | GET http://127.0.0.1:8000/
2026-02-18 00:35:10,977 | INFO | devotion_app | Status: 200
2026-02-18 00:35:13,612 | INFO | devotion_app | GET http://127.0.0.1:8000/
2026-02-18 00:35:13,613 | INFO | devotion_app | Status: 200
2026-02-18 00:37:00,553 | INFO | devotion_app | Demarage de l'application
2026-02-18 00:37:57,292 | INFO | devotion_app | Demarage de l'application
2026-02-18 00:38:00,202 | INFO | devotion_app | Demarage de l'application
2026-02-18 00:38:10,566 | INFO | devotion_app | Demarage de l'application
2026-02-18 00:38:52,698 | INFO | devotion_app | GET http://127.0.0.1:8000/   200
2026-02-18 02:00:51,762 | ERROR | devotion_app | erreur lors de l'accès à la base de donnée 
 message: Empty host (or extra comma in host list) 

2026-02-18 02:03:01,240 | ERROR | devotion_app | erreur lors de l'accès à la base de donnée 
 message: Empty host (or extra comma in host list) 

2026-02-18 02:03:03,473 | ERROR | devotion_app | erreur lors de l'accès à la base de donnée 
 message: Empty host (or extra comma in host list) 

2026-02-18 02:03:07,118 | ERROR | devotion_app | erreur lors de l'accès à la base de donnée 
 message: Empty host (or extra comma in host list) 

2026-02-18 02:03:08,519 | ERROR | devotion_app | erreur lors de l'accès à la base de donnée 
 message: Empty host (or extra comma in host list) 

2026-02-18 02:03:09,912 | ERROR | devotion_app | erreur lors de l'accès à la base de donnée 
 message: Empty host (or extra comma in host list) 

2026-02-18 02:03:09,912 | ERROR | devotion_app | 
2026-02-18 02:03:19,922 | ERROR | devotion_app | erreur lors de l'accès à la base de donnée 
 message: Empty host (or extra comma in host list) 

2026-02-18 02:03:19,923 | ERROR | devotion_app | impossible de 
2026-02-18 02:03:30,464 | ERROR | devotion_app | erreur lors de l'accès à la base de donnée 
 message: Empty host (or extra comma in host list) 

2026-02-18 02:03:30,465 | ERROR | devotion_app | impossible de se connecter à la database
2026-02-18 02:03:33,037 | ERROR | devotion_app | erreur lors de l'accès à la base de donnée 
 message: Empty host (or extra comma in host list) 

2026-02-18 02:03:33,038 | ERROR | devotion_app | impossible de se connecter à la database
2026-02-18 02:03:35,705 | ERROR | devotion_app | erreur lors de l'accès à la base de donnée 
 message: Empty host (or extra comma in host list) 

2026-02-18 02:03:35,705 | ERROR | devotion_app | impossible de se connecter à la database
2026-02-18 02:03:37,889 | ERROR | devotion_app | erreur lors de l'accès à la base de donnée 
 message: Empty host (or extra comma in host list) 

2026-02-18 02:03:37,889 | ERROR | devotion_app | impossible de se connecter à la database
2026-02-18 02:04:50,773 | ERROR | devotion_app | erreur lors de l'accès à la base de donnée 
 message: Empty host (or extra comma in host list) 

2026-02-18 02:04:50,774 | ERROR | devotion_app | impossible de se connecter à la database
2026-02-18 02:04:58,267 | ERROR | devotion_app | erreur lors de l'accès à la base de donnée 
 message: Empty host (or extra comma in host list) 

2026-02-18 02:05:05,867 | ERROR | devotion_app | erreur lors de l'accès à la base de donnée 
 message: Empty host (or extra comma in host list) 

2026-02-18 02:08:43,743 | ERROR | devotion_app | erreur lors de l'accès à la base de donnée 
 message: Empty host (or extra comma in host list) 

2026-02-18 02:08:45,033 | ERROR | devotion_app | erreur lors de l'accès à la base de donnée 
 message: Empty host (or extra comma in host list) 

2026-02-18 02:09:56,411 | ERROR | devotion_app | erreur lors de l'accès à la base de donnée 
 message: Empty host (or extra comma in host list) 

2026-02-18 02:10:00,943 | ERROR | devotion_app | erreur lors de l'accès à la base de donnée 
 message: Empty host (or extra comma in host list) 

2026-02-18 02:10:22,648 | ERROR | devotion_app | erreur lors de l'accès à la base de donnée 
 message: Empty host (or extra comma in host list) 

2026-02-18 02:10:52,188 | ERROR | devotion_app | erreur lors de l'accès à la base de donnée 
 message: Empty host (or extra comma in host list) 

2026-02-18 02:11:20,763 | ERROR | devotion_app | erreur lors de l'accès à la base de donnée 
 message: Empty host (or extra comma in host list) 

2026-02-18 02:11:28,177 | ERROR | devotion_app | erreur lors de l'accès à la base de donnée 
 message: Empty host (or extra comma in host list) 

2026-02-18 02:11:34,687 | ERROR | devotion_app | erreur lors de l'accès à la base de donnée 
 message: Empty host (or extra comma in host list) 

2026-02-18 02:42:21,530 | ERROR | fastapi | Form data requires "python-multipart" to be installed. 
You can install "python-multipart" with: 

pip install python-multipart

2026-02-18 02:43:26,199 | INFO | devotion_app | Demarage de l'application
2026-02-18 02:43:45,494 | INFO | devotion_app | GET http://127.0.0.1:8000/   200
2026-02-18 02:44:02,647 | INFO | devotion_app | GET http://127.0.0.1:8000/auth/login   405
2026-02-18 02:49:17,170 | INFO | devotion_app | POST http://localhost:8000/auth/login   422
2026-02-18 02:50:20,804 | INFO | devotion_app | POST http://localhost:8000/auth/login   422
2026-02-18 02:50:41,899 | INFO | devotion_app | POST http://localhost:8000/auth/login   422
2026-02-18 02:51:45,701 | INFO | devotion_app | POST http://localhost:8000/auth/login   422
2026-02-18 02:52:46,117 | INFO | devotion_app | POST http://localhost:8000/auth/login   422
2026-02-18 02:53:46,086 | INFO | devotion_app | POST http://localhost:8000/auth/login   422
2026-02-18 02:54:55,294 | INFO | devotion_app | POST http://localhost:8000/auth/login   422
2026-02-18 02:57:29,450 | INFO | devotion_app | POST http://localhost:8000/auth/login   401
2026-02-18 02:58:29,376 | INFO | devotion_app | Demarage de l'application
2026-02-18 02:58:32,244 | INFO | devotion_app | POST http://localhost:8000/auth/login   401
2026-02-18 02:59:51,883 | INFO | devotion_app | Demarage de l'application
2026-02-18 02:59:58,368 | INFO | devotion_app | POST http://localhost:8000/auth/login   422
2026-02-18 03:00:27,512 | INFO | devotion_app | POST http://localhost:8000/auth/login   401
2026-02-18 03:01:20,635 | INFO | devotion_app | POST http://localhost:8000/auth/login   422
2026-02-18 03:01:31,789 | INFO | devotion_app | POST http://localhost:8000/auth/login   422
2026-02-18 03:01:46,639 | INFO | devotion_app | POST http://localhost:8000/auth/login   422
2026-02-18 03:02:57,363 | INFO | devotion_app | POST http://localhost:8000/auth/login   422
2026-02-18 03:03:03,964 | INFO | devotion_app | POST http://localhost:8000/auth/login   422
2026-02-18 03:03:43,870 | INFO | devotion_app | POST http://localhost:8000/auth/login   422
2026-02-18 03:06:10,606 | INFO | devotion_app | Demarage de l'application
2026-02-18 03:06:16,734 | INFO | devotion_app | Demarage de l'application
2026-02-18 03:06:19,507 | INFO | devotion_app | Demarage de l'application
2026-02-18 03:06:33,251 | INFO | devotion_app | POST http://localhost:8000/auth/login   422
2026-02-18 03:07:50,170 | INFO | devotion_app | POST http://localhost:8000/auth/login   401
2026-02-18 03:08:09,746 | INFO | devotion_app | POST http://localhost:8000/auth/login   422
2026-02-18 03:10:57,629 | INFO | devotion_app | POST http://localhost:8000/auth/login   422
2026-02-18 03:13:02,475 | INFO | devotion_app | GET http://127.0.0.1:8000/   200
2026-02-18 03:13:10,761 | INFO | devotion_app | GET http://127.0.0.1:8000/docs   200
2026-02-18 03:13:11,202 | INFO | devotion_app | GET http://127.0.0.1:8000/openapi.json   200
2026-02-18 03:13:45,272 | INFO | devotion_app | POST http://127.0.0.1:8000/auth/login   401
2026-02-18 03:18:20,167 | INFO | devotion_app | GET http://127.0.0.1:8000/openapi.json   200
2026-02-18 03:20:34,287 | INFO | devotion_app | Demarage de l'application
2026-02-18 03:20:41,903 | INFO | devotion_app | Demarage de l'application
2026-02-18 03:20:46,933 | INFO | devotion_app | GET http://127.0.0.1:8000/docs   200
2026-02-18 03:20:47,311 | INFO | devotion_app | GET http://127.0.0.1:8000/openapi.json   200
2026-02-18 03:21:27,613 | INFO | devotion_app | POST http://127.0.0.1:8000/auth/login   401
2026-02-18 03:22:31,041 | INFO | devotion_app | Demarage de l'application
2026-02-18 03:22:33,957 | INFO | devotion_app | GET http://127.0.0.1:8000/docs   200
2026-02-18 03:22:34,141 | INFO | devotion_app | GET http://127.0.0.1:8000/openapi.json   200
2026-02-18 03:23:05,153 | INFO | devotion_app | POST http://127.0.0.1:8000/auth/login   422
2026-02-18 03:23:07,215 | INFO | devotion_app | POST http://127.0.0.1:8000/auth/login   422
2026-02-18 13:31:36,934 | INFO | devotion_app | Demarage de l'application
2026-02-18 13:31:41,354 | INFO | devotion_app | Demarage de l'application
2026-02-18 13:56:32,787 | INFO | devotion_app | Demarage de l'application
2026-02-18 13:56:46,755 | INFO | devotion_app | Demarage de l'application
2026-02-18 13:56:50,035 | INFO | devotion_app | Demarage de l'application
2026-02-18 13:56:54,483 | INFO | devotion_app | Demarage de l'application
2026-02-18 13:56:56,916 | INFO | devotion_app | Demarage de l'application
2026-02-18 13:57:14,804 | INFO | devotion_app | Demarage de l'application
2026-02-18 13:58:03,163 | INFO | devotion_app | Demarage de l'application
2026-02-18 13:58:08,101 | INFO | devotion_app | Demarage de l'application
2026-02-18 13:58:10,562 | INFO | devotion_app | Demarage de l'application
2026-02-18 13:59:01,840 | INFO | devotion_app | Demarage de l'application
2026-02-18 13:59:21,743 | INFO | devotion_app | Demarage de l'application
2026-02-18 14:02:00,627 | INFO | devotion_app | Demarage de l'application
2026-02-18 14:02:07,220 | INFO | devotion_app | Demarage de l'application
2026-02-18 14:02:11,471 | INFO | devotion_app | Demarage de l'application
2026-02-18 14:02:15,421 | INFO | devotion_app | Demarage de l'application
2026-02-18 14:02:37,792 | INFO | devotion_app | Demarage de l'application
2026-02-18 14:03:35,642 | INFO | devotion_app | Demarage de l'application
2026-02-18 14:03:38,983 | INFO | devotion_app | Demarage de l'application
2026-02-18 14:03:48,697 | INFO | devotion_app | Demarage de l'application
2026-02-18 14:05:39,966 | INFO | devotion_app | Demarage de l'application
2026-02-18 14:05:53,386 | INFO | devotion_app | Demarage de l'application
2026-02-18 14:05:58,369 | INFO | devotion_app | GET http://127.0.0.1:8000/docs   200
2026-02-18 14:05:58,727 | INFO | devotion_app | GET http://127.0.0.1:8000/openapi.json   200
2026-02-18 14:08:15,293 | INFO | devotion_app | Demarage de l'application
2026-02-18 14:08:21,095 | INFO | devotion_app | Demarage de l'application
2026-02-18 14:08:24,649 | INFO | devotion_app | Demarage de l'application
2026-02-18 14:09:57,078 | INFO | devotion_app | Demarage de l'application
2026-02-18 14:10:03,084 | INFO | devotion_app | Demarage de l'application
2026-02-18 14:10:12,114 | INFO | devotion_app | Demarage de l'application
2026-02-18 14:10:17,197 | INFO | devotion_app | Demarage de l'application
2026-02-18 14:10:19,411 | INFO | devotion_app | Demarage de l'application
2026-02-18 14:10:28,100 | INFO | devotion_app | Demarage de l'application
2026-02-18 14:10:31,099 | INFO | devotion_app | Demarage de l'application
2026-02-18 14:10:35,561 | INFO | devotion_app | Demarage de l'application
2026-02-18 14:10:41,009 | INFO | devotion_app | Demarage de l'application
2026-02-18 14:10:43,186 | INFO | devotion_app | Demarage de l'application
2026-02-18 14:10:50,632 | INFO | devotion_app | Demarage de l'application
2026-02-18 14:11:43,838 | INFO | devotion_app | Demarage de l'application
2026-02-18 14:11:46,899 | INFO | devotion_app | Demarage de l'application
2026-02-18 14:11:49,631 | INFO | devotion_app | Demarage de l'application
2026-02-18 14:11:55,047 | INFO | devotion_app | Demarage de l'application
2026-02-18 14:12:03,595 | INFO | devotion_app | Demarage de l'application
2026-02-18 14:12:05,883 | INFO | devotion_app | Demarage de l'application
2026-02-18 14:12:57,976 | INFO | devotion_app | Demarage de l'application
2026-02-18 14:13:01,650 | INFO | devotion_app | Demarage de l'application
2026-02-18 14:13:07,125 | INFO | devotion_app | Demarage de l'application
2026-02-18 14:13:13,797 | INFO | devotion_app | Demarage de l'application
2026-02-18 14:13:16,395 | INFO | devotion_app | Demarage de l'application
2026-02-18 14:13:48,988 | INFO | devotion_app | Demarage de l'application
2026-02-18 14:13:51,487 | INFO | devotion_app | Demarage de l'application
2026-02-18 14:16:09,014 | INFO | devotion_app | GET http://127.0.0.1:8000/docs   200
2026-02-18 14:16:09,364 | INFO | devotion_app | GET http://127.0.0.1:8000/openapi.json   200
2026-02-18 14:19:22,757 | INFO | devotion_app | Demarage de l'application
2026-02-18 14:19:26,127 | INFO | devotion_app | Demarage de l'application
2026-02-18 14:19:28,620 | INFO | devotion_app | Demarage de l'application
2026-02-18 14:19:33,719 | INFO | devotion_app | Demarage de l'application
2026-02-18 14:19:54,454 | INFO | devotion_app | Demarage de l'application
2026-02-18 14:19:56,625 | INFO | devotion_app | Demarage de l'application
2026-02-18 14:20:03,878 | INFO | devotion_app | Demarage de l'application
2026-02-18 14:20:07,885 | INFO | devotion_app | Demarage de l'application
2026-02-18 14:20:35,227 | INFO | devotion_app | Demarage de l'application
2026-02-18 14:21:27,160 | INFO | devotion_app | Demarage de l'application
2026-02-18 14:23:07,040 | INFO | devotion_app | GET http://127.0.0.1:8000/docs   200
2026-02-18 14:23:07,388 | INFO | devotion_app | GET http://127.0.0.1:8000/openapi.json   200
2026-02-18 14:25:28,570 | INFO | devotion_app | Demarage de l'application
2026-02-18 14:25:34,652 | INFO | devotion_app | Demarage de l'application
2026-02-18 14:25:40,390 | INFO | devotion_app | Demarage de l'application
2026-02-18 14:26:17,421 | INFO | devotion_app | Demarage de l'application
2026-02-18 14:26:30,200 | INFO | devotion_app | Demarage de l'application
2026-02-18 14:26:40,409 | INFO | devotion_app | Demarage de l'application
2026-02-18 14:26:45,127 | INFO | devotion_app | Demarage de l'application
2026-02-18 14:26:54,323 | INFO | devotion_app | Demarage de l'application
2026-02-18 14:26:59,699 | INFO | devotion_app | Demarage de l'application
2026-02-18 14:27:02,590 | INFO | devotion_app | Demarage de l'application
2026-02-18 14:27:09,884 | INFO | devotion_app | Demarage de l'application
2026-02-18 14:27:12,390 | INFO | devotion_app | Demarage de l'application
2026-02-18 14:27:18,444 | INFO | devotion_app | Demarage de l'application
2026-02-18 14:27:25,296 | INFO | devotion_app | Demarage de l'application
2026-02-18 14:27:29,483 | INFO | devotion_app | Demarage de l'application
2026-02-18 14:27:32,518 | INFO | devotion_app | Demarage de l'application
2026-02-18 14:27:50,585 | INFO | devotion_app | Demarage de l'application
2026-02-18 14:29:49,949 | INFO | devotion_app | Demarage de l'application
2026-02-18 14:29:52,923 | INFO | devotion_app | Demarage de l'application
2026-02-18 14:29:58,738 | INFO | devotion_app | Demarage de l'application
2026-02-18 14:30:03,928 | INFO | devotion_app | Demarage de l'application
2026-02-18 14:30:23,476 | INFO | devotion_app | Demarage de l'application
2026-02-18 14:30:26,971 | INFO | devotion_app | Demarage de l'application
2026-02-18 14:30:36,808 | INFO | devotion_app | Demarage de l'application
2026-02-18 15:06:48,079 | INFO | devotion_app | Demarage de l'application
2026-02-18 15:06:55,371 | INFO | devotion_app | Demarage de l'application
2026-02-18 15:07:16,785 | INFO | devotion_app | Demarage de l'application
2026-02-18 15:07:23,542 | INFO | devotion_app | Demarage de l'application
2026-02-18 15:18:29,331 | INFO | devotion_app | Demarage de l'application
2026-02-18 15:18:36,393 | INFO | devotion_app | Demarage de l'application
2026-02-18 15:18:42,329 | INFO | devotion_app | Demarage de l'application
2026-02-18 15:18:52,215 | INFO | devotion_app | Demarage de l'application
2026-02-18 15:18:56,202 | INFO | devotion_app | Demarage de l'application
2026-02-18 15:18:58,442 | INFO | devotion_app | Demarage de l'application
2026-02-18 15:19:09,074 | INFO | devotion_app | GET http://127.0.0.1:8000/docs   200
2026-02-18 15:19:09,534 | INFO | devotion_app | GET http://127.0.0.1:8000/openapi.json   200
2026-02-18 15:19:46,823 | INFO | devotion_app | POST http://127.0.0.1:8000/user/create   401
2026-02-18 15:22:01,270 | INFO | devotion_app | Demarage de l'application
2026-02-18 15:22:14,832 | INFO | devotion_app | GET http://127.0.0.1:8000/docs   200
2026-02-18 15:22:15,163 | INFO | devotion_app | GET http://127.0.0.1:8000/openapi.json   200
2026-02-18 15:23:54,829 | INFO | devotion_app | Demarage de l'application
2026-02-18 15:25:43,154 | INFO | devotion_app | Demarage de l'application
2026-02-18 15:25:47,952 | INFO | devotion_app | Demarage de l'application
2026-02-18 15:28:22,017 | INFO | devotion_app | Demarage de l'application
2026-02-18 15:28:36,247 | INFO | devotion_app | Demarage de l'application
2026-02-18 15:28:38,247 | INFO | devotion_app | GET http://127.0.0.1:8000/docs   200
2026-02-18 15:28:38,651 | INFO | devotion_app | GET http://127.0.0.1:8000/openapi.json   200
2026-02-18 15:28:51,436 | INFO | devotion_app | POST http://127.0.0.1:8000/user/create   401
2026-02-18 15:29:14,548 | INFO | devotion_app | Demarage de l'application
2026-02-18 15:29:17,134 | INFO | devotion_app | Demarage de l'application
2026-02-18 15:29:24,579 | INFO | devotion_app | Demarage de l'application
2026-02-18 15:29:26,832 | INFO | devotion_app | Demarage de l'application
2026-02-18 15:29:30,915 | INFO | devotion_app | Demarage de l'application
2026-02-18 15:32:41,527 | INFO | devotion_app | Demarage de l'application
2026-02-18 15:34:10,229 | INFO | devotion_app | GET http://127.0.0.1:8000/docs   200
2026-02-18 15:34:10,569 | INFO | devotion_app | GET http://127.0.0.1:8000/openapi.json   200
2026-02-18 15:35:02,880 | INFO | devotion_app | POST http://127.0.0.1:8000/user/create   200
2026-02-18 15:40:02,600 | INFO | devotion_app | POST http://127.0.0.1:8000/user/create   200
2026-02-18 15:42:16,998 | INFO | devotion_app | Demarage de l'application
2026-02-18 15:42:23,125 | INFO | devotion_app | Demarage de l'application
2026-02-18 15:48:44,249 | INFO | devotion_app | Demarage de l'application
2026-02-18 15:48:51,510 | INFO | devotion_app | Demarage de l'application
2026-02-18 15:48:53,693 | INFO | devotion_app | Demarage de l'application
2026-02-18 15:48:56,672 | INFO | devotion_app | Demarage de l'application
2026-02-18 15:49:04,123 | INFO | devotion_app | Demarage de l'application
2026-02-18 15:49:07,190 | INFO | devotion_app | Demarage de l'application
2026-02-18 15:49:09,182 | INFO | devotion_app | Demarage de l'application
2026-02-18 15:49:45,131 | INFO | devotion_app | Demarage de l'application
2026-02-18 15:49:47,599 | INFO | devotion_app | Demarage de l'application
2026-02-18 15:49:56,748 | INFO | devotion_app | Demarage de l'application
2026-02-18 15:49:58,759 | INFO | devotion_app | Demarage de l'application
2026-02-18 15:50:17,776 | INFO | devotion_app | Demarage de l'application
2026-02-18 15:50:19,621 | INFO | devotion_app | Demarage de l'application
2026-02-18 15:50:27,151 | INFO | devotion_app | Demarage de l'application
2026-02-18 15:50:34,908 | INFO | devotion_app | Demarage de l'application
2026-02-18 15:50:41,787 | INFO | devotion_app | Demarage de l'application
2026-02-18 15:51:11,757 | INFO | devotion_app | POST http://127.0.0.1:8000/user/create   200
2026-02-18 15:52:23,735 | INFO | devotion_app | Demarage de l'application
2026-02-18 15:55:31,548 | INFO | devotion_app | Demarage de l'application
2026-02-18 15:55:57,830 | INFO | devotion_app | Demarage de l'application
2026-02-18 15:55:59,701 | INFO | devotion_app | Demarage de l'application
2026-02-18 15:58:50,277 | INFO | devotion_app | Demarage de l'application
2026-02-18 15:58:55,781 | INFO | devotion_app | Demarage de l'application
2026-02-18 15:59:08,415 | INFO | devotion_app | POST http://127.0.0.1:8000/auth/login   200
2026-02-19 14:00:27,013 | INFO | devotion_app | GET http://127.0.0.1:8000/favicon.ico   404
2026-02-19 17:24:57,351 | INFO | devotion_app | Demarage de l'application
2026-02-19 17:26:56,757 | INFO | devotion_app | Demarage de l'application
2026-02-19 17:26:59,859 | INFO | devotion_app | Demarage de l'application
2026-02-19 17:27:14,833 | INFO | devotion_app | Demarage de l'application
2026-02-19 17:28:54,820 | INFO | devotion_app | Demarage de l'application
2026-02-19 17:28:59,957 | INFO | devotion_app | Demarage de l'application
2026-02-19 17:29:02,208 | INFO | devotion_app | Demarage de l'application
2026-02-19 17:29:05,809 | INFO | devotion_app | Demarage de l'application
2026-02-19 17:29:15,431 | INFO | devotion_app | Demarage de l'application
2026-02-19 17:29:20,161 | INFO | devotion_app | Demarage de l'application
2026-02-19 17:29:27,917 | INFO | devotion_app | Demarage de l'application
2026-02-19 17:33:28,988 | INFO | devotion_app | Demarage de l'application
2026-02-19 17:36:21,188 | INFO | devotion_app | Demarage de l'application
2026-02-19 17:36:27,987 | INFO | devotion_app | Demarage de l'application
2026-02-19 17:36:34,187 | INFO | devotion_app | Demarage de l'application
2026-02-19 17:36:36,931 | INFO | devotion_app | Demarage de l'application
2026-02-19 17:36:39,499 | INFO | devotion_app | Demarage de l'application
2026-02-19 17:36:46,238 | INFO | devotion_app | Demarage de l'application
2026-02-19 17:36:48,173 | INFO | devotion_app | Demarage de l'application
2026-02-19 17:37:04,851 | INFO | devotion_app | Demarage de l'application
2026-02-19 17:37:42,890 | INFO | devotion_app | Demarage de l'application
2026-02-19 17:38:52,987 | INFO | devotion_app | Demarage de l'application
2026-02-19 17:46:45,563 | INFO | devotion_app | Demarage de l'application
2026-02-19 17:46:58,261 | INFO | devotion_app | Demarage de l'application
2026-02-19 17:47:00,610 | INFO | devotion_app | Demarage de l'application
2026-02-19 17:47:18,209 | INFO | devotion_app | Demarage de l'application
2026-02-19 17:53:14,805 | INFO | devotion_app | Demarage de l'application
2026-02-19 17:54:10,668 | INFO | devotion_app | Demarage de l'application
2026-02-19 17:54:12,853 | INFO | devotion_app | Demarage de l'application
2026-02-19 17:56:17,543 | INFO | devotion_app | Demarage de l'application
2026-02-19 17:56:20,891 | INFO | devotion_app | Demarage de l'application
2026-02-19 17:56:44,127 | INFO | devotion_app | GET http://127.0.0.1:8000/docs   200
2026-02-19 17:56:44,548 | INFO | devotion_app | GET http://127.0.0.1:8000/openapi.json   200
2026-02-19 17:57:55,878 | INFO | devotion_app | Demarage de l'application
2026-02-19 17:58:01,574 | INFO | devotion_app | GET http://127.0.0.1:8000/docs   200
2026-02-19 17:58:01,894 | INFO | devotion_app | GET http://127.0.0.1:8000/openapi.json   200
2026-02-19 18:03:24,396 | INFO | devotion_app | POST http://127.0.0.1:8000/auth/login   200
2026-02-19 18:03:54,467 | INFO | devotion_app | POST http://127.0.0.1:8000/user/create   200
2026-02-19 18:05:20,754 | INFO | devotion_app | GET http://127.0.0.1:8000/docs   200
2026-02-19 18:05:20,989 | INFO | devotion_app | GET http://127.0.0.1:8000/openapi.json   200
2026-02-19 18:07:39,161 | INFO | devotion_app | Demarage de l'application
2026-02-19 18:07:43,463 | INFO | devotion_app | GET http://127.0.0.1:8000/docs   200
2026-02-19 18:07:43,735 | INFO | devotion_app | GET http://127.0.0.1:8000/openapi.json   200
2026-02-19 18:09:38,303 | INFO | devotion_app | POST http://127.0.0.1:8000/auth/login   200
2026-02-19 18:10:20,515 | INFO | devotion_app | POST http://127.0.0.1:8000/user/create   401
2026-02-19 18:11:07,275 | INFO | devotion_app | POST http://127.0.0.1:8000/auth/login   422
2026-02-19 18:15:09,885 | INFO | devotion_app | POST http://127.0.0.1:8000/auth/login   422
2026-02-19 18:17:53,123 | INFO | devotion_app | POST http://127.0.0.1:8000/auth/login   422
2026-02-19 18:24:20,420 | INFO | devotion_app | POST http://127.0.0.1:8000/auth/login   200
2026-02-19 18:25:28,201 | INFO | devotion_app | POST http://127.0.0.1:8000/auth/login   422
2026-02-19 18:29:12,731 | INFO | devotion_app | Demarage de l'application
2026-02-19 18:29:20,663 | INFO | devotion_app | Demarage de l'application
2026-02-19 18:29:26,073 | INFO | devotion_app | Demarage de l'application
2026-02-19 18:29:28,233 | INFO | devotion_app | Demarage de l'application
2026-02-19 18:29:55,675 | INFO | devotion_app | Demarage de l'application
2026-02-19 18:30:01,461 | INFO | devotion_app | GET http://127.0.0.1:8000/docs   200
2026-02-19 18:30:01,825 | INFO | devotion_app | GET http://127.0.0.1:8000/openapi.json   200
2026-02-19 18:30:39,555 | INFO | devotion_app | POST http://127.0.0.1:8000/auth/login   200
2026-02-19 18:33:01,695 | INFO | devotion_app | POST http://127.0.0.1:8000/user/create   200
2026-02-19 18:35:18,050 | INFO | devotion_app | Demarage de l'application
2026-02-19 18:36:41,731 | INFO | devotion_app | Demarage de l'application
2026-02-19 18:36:50,867 | INFO | devotion_app | Demarage de l'application
2026-02-19 18:36:53,207 | INFO | devotion_app | Demarage de l'application
2026-02-19 18:37:06,379 | INFO | devotion_app | Demarage de l'application
2026-02-19 18:37:10,304 | INFO | devotion_app | Demarage de l'application
2026-02-19 18:37:20,518 | INFO | devotion_app | Demarage de l'application
2026-02-19 18:37:22,644 | INFO | devotion_app | Demarage de l'application
2026-02-19 18:37:28,951 | INFO | devotion_app | Demarage de l'application
2026-02-19 18:37:31,309 | INFO | devotion_app | Demarage de l'application
2026-02-19 18:37:34,350 | INFO | devotion_app | Demarage de l'application
2026-02-19 18:37:37,181 | INFO | devotion_app | Demarage de l'application
2026-02-19 18:37:48,426 | INFO | devotion_app | Demarage de l'application
2026-02-19 18:37:54,599 | INFO | devotion_app | Demarage de l'application
2026-02-19 18:38:03,151 | INFO | devotion_app | Demarage de l'application
2026-02-19 18:38:05,923 | INFO | devotion_app | Demarage de l'application
2026-02-19 18:38:13,974 | INFO | devotion_app | Demarage de l'application
2026-02-19 18:38:24,454 | INFO | devotion_app | POST http://127.0.0.1:8000/user/create   400
2026-02-19 18:39:41,498 | INFO | devotion_app | POST http://127.0.0.1:8000/user/create   400
2026-02-19 18:41:56,981 | INFO | devotion_app | Demarage de l'application
2026-02-19 18:42:00,807 | INFO | devotion_app | POST http://127.0.0.1:8000/user/create   422
2026-02-19 18:47:11,728 | INFO | devotion_app | Demarage de l'application
2026-02-19 18:47:32,823 | INFO | devotion_app | POST http://127.0.0.1:8000/user/create   406
2026-02-23 14:17:30,497 | INFO | devotion_app | Demarage de l'application
2026-02-23 14:17:40,377 | INFO | devotion_app | GET http://127.0.0.1:5000/   200
2026-02-23 14:17:40,796 | INFO | devotion_app | GET http://127.0.0.1:5000/favicon.ico   404
2026-02-23 14:17:54,394 | INFO | devotion_app | GET http://127.0.0.1:5000/docs   200
2026-02-23 14:17:54,950 | INFO | devotion_app | GET http://127.0.0.1:5000/openapi.json   200
2026-02-23 14:18:26,084 | INFO | devotion_app | POST http://127.0.0.1:5000/auth/login   200
2026-02-23 14:20:20,927 | INFO | httpx | HTTP Request: POST http://localhost:11434/api/chat "HTTP/1.1 400 Bad Request"
2026-02-23 14:20:20,945 | ERROR | devotion_app | Erreur HTTP du LLM : Client error '400 Bad Request' for url 'http://localhost:11434/api/chat'
For more information check: https://developer.mozilla.org/en-US/docs/Web/HTTP/Status/400
Traceback (most recent call last):
  File "E:\icc_cite_royale\projet_devotion\ai\services\universalLLMService.py", line 62, in generate
    response.raise_for_status()
  File "E:\icc_cite_royale\projet_devotion\.venv312\Lib\site-packages\httpx\_models.py", line 829, in raise_for_status
    raise HTTPStatusError(message, request=request, response=self)
httpx.HTTPStatusError: Client error '400 Bad Request' for url 'http://localhost:11434/api/chat'
For more information check: https://developer.mozilla.org/en-US/docs/Web/HTTP/Status/400
2026-02-23 14:20:20,970 | INFO | devotion_app | POST http://127.0.0.1:5000/agent/extractBook   200
2026-02-23 14:23:29,131 | ERROR | devotion_app | Erreur inattendue dans UniversalLLMService
Traceback (most recent call last):
  File "E:\icc_cite_royale\projet_devotion\.venv312\Lib\site-packages\httpx\_transports\default.py", line 101, in map_httpcore_exceptions
    yield
  File "E:\icc_cite_royale\projet_devotion\.venv312\Lib\site-packages\httpx\_transports\default.py", line 394, in handle_async_request
    resp = await self._pool.handle_async_request(req)
           ^^^^^^^^^^^^^^^^^^^^^^^^^^^^^^^^^^^^^^^^^^
  File "E:\icc_cite_royale\projet_devotion\.venv312\Lib\site-packages\httpcore\_async\connection_pool.py", line 256, in handle_async_request
    raise exc from None
  File "E:\icc_cite_royale\projet_devotion\.venv312\Lib\site-packages\httpcore\_async\connection_pool.py", line 236, in handle_async_request
    response = await connection.handle_async_request(
               ^^^^^^^^^^^^^^^^^^^^^^^^^^^^^^^^^^^^^^
  File "E:\icc_cite_royale\projet_devotion\.venv312\Lib\site-packages\httpcore\_async\connection.py", line 103, in handle_async_request
    return await self._connection.handle_async_request(request)
           ^^^^^^^^^^^^^^^^^^^^^^^^^^^^^^^^^^^^^^^^^^^^^^^^^^^^
  File "E:\icc_cite_royale\projet_devotion\.venv312\Lib\site-packages\httpcore\_async\http11.py", line 136, in handle_async_request
    raise exc
  File "E:\icc_cite_royale\projet_devotion\.venv312\Lib\site-packages\httpcore\_async\http11.py", line 106, in handle_async_request
    ) = await self._receive_response_headers(**kwargs)
        ^^^^^^^^^^^^^^^^^^^^^^^^^^^^^^^^^^^^^^^^^^^^^^
  File "E:\icc_cite_royale\projet_devotion\.venv312\Lib\site-packages\httpcore\_async\http11.py", line 177, in _receive_response_headers
    event = await self._receive_event(timeout=timeout)
            ^^^^^^^^^^^^^^^^^^^^^^^^^^^^^^^^^^^^^^^^^^
  File "E:\icc_cite_royale\projet_devotion\.venv312\Lib\site-packages\httpcore\_async\http11.py", line 217, in _receive_event
    data = await self._network_stream.read(
           ^^^^^^^^^^^^^^^^^^^^^^^^^^^^^^^^
  File "E:\icc_cite_royale\projet_devotion\.venv312\Lib\site-packages\httpcore\_backends\anyio.py", line 32, in read
    with map_exceptions(exc_map):
         ^^^^^^^^^^^^^^^^^^^^^^^
  File "C:\Program Files\WindowsApps\PythonSoftwareFoundation.Python.3.12_3.12.2800.0_x64__qbz5n2kfra8p0\Lib\contextlib.py", line 158, in __exit__
    self.gen.throw(value)
  File "E:\icc_cite_royale\projet_devotion\.venv312\Lib\site-packages\httpcore\_exceptions.py", line 14, in map_exceptions
    raise to_exc(exc) from exc
httpcore.ReadTimeout

The above exception was the direct cause of the following exception:

Traceback (most recent call last):
  File "E:\icc_cite_royale\projet_devotion\ai\services\universalLLMService.py", line 50, in generate
    response = await client.post(
               ^^^^^^^^^^^^^^^^^^
  File "E:\icc_cite_royale\projet_devotion\.venv312\Lib\site-packages\httpx\_client.py", line 1859, in post
    return await self.request(
           ^^^^^^^^^^^^^^^^^^^
  File "E:\icc_cite_royale\projet_devotion\.venv312\Lib\site-packages\httpx\_client.py", line 1540, in request
    return await self.send(request, auth=auth, follow_redirects=follow_redirects)
           ^^^^^^^^^^^^^^^^^^^^^^^^^^^^^^^^^^^^^^^^^^^^^^^^^^^^^^^^^^^^^^^^^^^^^^
  File "E:\icc_cite_royale\projet_devotion\.venv312\Lib\site-packages\httpx\_client.py", line 1629, in send
    response = await self._send_handling_auth(
               ^^^^^^^^^^^^^^^^^^^^^^^^^^^^^^^
  File "E:\icc_cite_royale\projet_devotion\.venv312\Lib\site-packages\httpx\_client.py", line 1657, in _send_handling_auth
    response = await self._send_handling_redirects(
               ^^^^^^^^^^^^^^^^^^^^^^^^^^^^^^^^^^^^
  File "E:\icc_cite_royale\projet_devotion\.venv312\Lib\site-packages\httpx\_client.py", line 1694, in _send_handling_redirects
    response = await self._send_single_request(request)
               ^^^^^^^^^^^^^^^^^^^^^^^^^^^^^^^^^^^^^^^^
  File "E:\icc_cite_royale\projet_devotion\.venv312\Lib\site-packages\httpx\_client.py", line 1730, in _send_single_request
    response = await transport.handle_async_request(request)
               ^^^^^^^^^^^^^^^^^^^^^^^^^^^^^^^^^^^^^^^^^^^^^
  File "E:\icc_cite_royale\projet_devotion\.venv312\Lib\site-packages\httpx\_transports\default.py", line 393, in handle_async_request
    with map_httpcore_exceptions():
         ^^^^^^^^^^^^^^^^^^^^^^^^^
  File "C:\Program Files\WindowsApps\PythonSoftwareFoundation.Python.3.12_3.12.2800.0_x64__qbz5n2kfra8p0\Lib\contextlib.py", line 158, in __exit__
    self.gen.throw(value)
  File "E:\icc_cite_royale\projet_devotion\.venv312\Lib\site-packages\httpx\_transports\default.py", line 118, in map_httpcore_exceptions
    raise mapped_exc(message) from exc
httpx.ReadTimeout
2026-02-23 14:23:29,231 | INFO | devotion_app | POST http://127.0.0.1:5000/agent/extractBook   200
2026-02-23 14:24:42,038 | INFO | devotion_app | Demarage de l'application
2026-02-23 14:25:31,435 | ERROR | devotion_app | Erreur inattendue dans UniversalLLMService
Traceback (most recent call last):
  File "E:\icc_cite_royale\projet_devotion\.venv312\Lib\site-packages\httpx\_transports\default.py", line 101, in map_httpcore_exceptions
    yield
  File "E:\icc_cite_royale\projet_devotion\.venv312\Lib\site-packages\httpx\_transports\default.py", line 394, in handle_async_request
    resp = await self._pool.handle_async_request(req)
           ^^^^^^^^^^^^^^^^^^^^^^^^^^^^^^^^^^^^^^^^^^
  File "E:\icc_cite_royale\projet_devotion\.venv312\Lib\site-packages\httpcore\_async\connection_pool.py", line 256, in handle_async_request
    raise exc from None
  File "E:\icc_cite_royale\projet_devotion\.venv312\Lib\site-packages\httpcore\_async\connection_pool.py", line 236, in handle_async_request
    response = await connection.handle_async_request(
               ^^^^^^^^^^^^^^^^^^^^^^^^^^^^^^^^^^^^^^
  File "E:\icc_cite_royale\projet_devotion\.venv312\Lib\site-packages\httpcore\_async\connection.py", line 103, in handle_async_request
    return await self._connection.handle_async_request(request)
           ^^^^^^^^^^^^^^^^^^^^^^^^^^^^^^^^^^^^^^^^^^^^^^^^^^^^
  File "E:\icc_cite_royale\projet_devotion\.venv312\Lib\site-packages\httpcore\_async\http11.py", line 136, in handle_async_request
    raise exc
  File "E:\icc_cite_royale\projet_devotion\.venv312\Lib\site-packages\httpcore\_async\http11.py", line 106, in handle_async_request
    ) = await self._receive_response_headers(**kwargs)
        ^^^^^^^^^^^^^^^^^^^^^^^^^^^^^^^^^^^^^^^^^^^^^^
  File "E:\icc_cite_royale\projet_devotion\.venv312\Lib\site-packages\httpcore\_async\http11.py", line 177, in _receive_response_headers
    event = await self._receive_event(timeout=timeout)
            ^^^^^^^^^^^^^^^^^^^^^^^^^^^^^^^^^^^^^^^^^^
  File "E:\icc_cite_royale\projet_devotion\.venv312\Lib\site-packages\httpcore\_async\http11.py", line 217, in _receive_event
    data = await self._network_stream.read(
           ^^^^^^^^^^^^^^^^^^^^^^^^^^^^^^^^
  File "E:\icc_cite_royale\projet_devotion\.venv312\Lib\site-packages\httpcore\_backends\anyio.py", line 32, in read
    with map_exceptions(exc_map):
         ^^^^^^^^^^^^^^^^^^^^^^^
  File "C:\Program Files\WindowsApps\PythonSoftwareFoundation.Python.3.12_3.12.2800.0_x64__qbz5n2kfra8p0\Lib\contextlib.py", line 158, in __exit__
    self.gen.throw(value)
  File "E:\icc_cite_royale\projet_devotion\.venv312\Lib\site-packages\httpcore\_exceptions.py", line 14, in map_exceptions
    raise to_exc(exc) from exc
httpcore.ReadTimeout

The above exception was the direct cause of the following exception:

Traceback (most recent call last):
  File "E:\icc_cite_royale\projet_devotion\ai\services\universalLLMService.py", line 50, in generate
    response = await client.post(
               ^^^^^^^^^^^^^^^^^^
  File "E:\icc_cite_royale\projet_devotion\.venv312\Lib\site-packages\httpx\_client.py", line 1859, in post
    return await self.request(
           ^^^^^^^^^^^^^^^^^^^
  File "E:\icc_cite_royale\projet_devotion\.venv312\Lib\site-packages\httpx\_client.py", line 1540, in request
    return await self.send(request, auth=auth, follow_redirects=follow_redirects)
           ^^^^^^^^^^^^^^^^^^^^^^^^^^^^^^^^^^^^^^^^^^^^^^^^^^^^^^^^^^^^^^^^^^^^^^
  File "E:\icc_cite_royale\projet_devotion\.venv312\Lib\site-packages\httpx\_client.py", line 1629, in send
    response = await self._send_handling_auth(
               ^^^^^^^^^^^^^^^^^^^^^^^^^^^^^^^
  File "E:\icc_cite_royale\projet_devotion\.venv312\Lib\site-packages\httpx\_client.py", line 1657, in _send_handling_auth
    response = await self._send_handling_redirects(
               ^^^^^^^^^^^^^^^^^^^^^^^^^^^^^^^^^^^^
  File "E:\icc_cite_royale\projet_devotion\.venv312\Lib\site-packages\httpx\_client.py", line 1694, in _send_handling_redirects
    response = await self._send_single_request(request)
               ^^^^^^^^^^^^^^^^^^^^^^^^^^^^^^^^^^^^^^^^
  File "E:\icc_cite_royale\projet_devotion\.venv312\Lib\site-packages\httpx\_client.py", line 1730, in _send_single_request
    response = await transport.handle_async_request(request)
               ^^^^^^^^^^^^^^^^^^^^^^^^^^^^^^^^^^^^^^^^^^^^^
  File "E:\icc_cite_royale\projet_devotion\.venv312\Lib\site-packages\httpx\_transports\default.py", line 393, in handle_async_request
    with map_httpcore_exceptions():
         ^^^^^^^^^^^^^^^^^^^^^^^^^
  File "C:\Program Files\WindowsApps\PythonSoftwareFoundation.Python.3.12_3.12.2800.0_x64__qbz5n2kfra8p0\Lib\contextlib.py", line 158, in __exit__
    self.gen.throw(value)
  File "E:\icc_cite_royale\projet_devotion\.venv312\Lib\site-packages\httpx\_transports\default.py", line 118, in map_httpcore_exceptions
    raise mapped_exc(message) from exc
httpx.ReadTimeout
2026-02-23 14:25:31,445 | INFO | devotion_app | POST http://127.0.0.1:5000/agent/extractBook   200
2026-02-23 14:38:21,114 | ERROR | devotion_app | Erreur inattendue dans UniversalLLMService
Traceback (most recent call last):
  File "E:\icc_cite_royale\projet_devotion\.venv312\Lib\site-packages\httpx\_transports\default.py", line 101, in map_httpcore_exceptions
    yield
  File "E:\icc_cite_royale\projet_devotion\.venv312\Lib\site-packages\httpx\_transports\default.py", line 394, in handle_async_request
    resp = await self._pool.handle_async_request(req)
           ^^^^^^^^^^^^^^^^^^^^^^^^^^^^^^^^^^^^^^^^^^
  File "E:\icc_cite_royale\projet_devotion\.venv312\Lib\site-packages\httpcore\_async\connection_pool.py", line 256, in handle_async_request
    raise exc from None
  File "E:\icc_cite_royale\projet_devotion\.venv312\Lib\site-packages\httpcore\_async\connection_pool.py", line 236, in handle_async_request
    response = await connection.handle_async_request(
               ^^^^^^^^^^^^^^^^^^^^^^^^^^^^^^^^^^^^^^
  File "E:\icc_cite_royale\projet_devotion\.venv312\Lib\site-packages\httpcore\_async\connection.py", line 103, in handle_async_request
    return await self._connection.handle_async_request(request)
           ^^^^^^^^^^^^^^^^^^^^^^^^^^^^^^^^^^^^^^^^^^^^^^^^^^^^
  File "E:\icc_cite_royale\projet_devotion\.venv312\Lib\site-packages\httpcore\_async\http11.py", line 136, in handle_async_request
    raise exc
  File "E:\icc_cite_royale\projet_devotion\.venv312\Lib\site-packages\httpcore\_async\http11.py", line 106, in handle_async_request
    ) = await self._receive_response_headers(**kwargs)
        ^^^^^^^^^^^^^^^^^^^^^^^^^^^^^^^^^^^^^^^^^^^^^^
  File "E:\icc_cite_royale\projet_devotion\.venv312\Lib\site-packages\httpcore\_async\http11.py", line 177, in _receive_response_headers
    event = await self._receive_event(timeout=timeout)
            ^^^^^^^^^^^^^^^^^^^^^^^^^^^^^^^^^^^^^^^^^^
  File "E:\icc_cite_royale\projet_devotion\.venv312\Lib\site-packages\httpcore\_async\http11.py", line 217, in _receive_event
    data = await self._network_stream.read(
           ^^^^^^^^^^^^^^^^^^^^^^^^^^^^^^^^
  File "E:\icc_cite_royale\projet_devotion\.venv312\Lib\site-packages\httpcore\_backends\anyio.py", line 32, in read
    with map_exceptions(exc_map):
         ^^^^^^^^^^^^^^^^^^^^^^^
  File "C:\Program Files\WindowsApps\PythonSoftwareFoundation.Python.3.12_3.12.2800.0_x64__qbz5n2kfra8p0\Lib\contextlib.py", line 158, in __exit__
    self.gen.throw(value)
  File "E:\icc_cite_royale\projet_devotion\.venv312\Lib\site-packages\httpcore\_exceptions.py", line 14, in map_exceptions
    raise to_exc(exc) from exc
httpcore.ReadTimeout

The above exception was the direct cause of the following exception:

Traceback (most recent call last):
  File "E:\icc_cite_royale\projet_devotion\ai\services\universalLLMService.py", line 50, in generate
    response = await client.post(
               ^^^^^^^^^^^^^^^^^^
  File "E:\icc_cite_royale\projet_devotion\.venv312\Lib\site-packages\httpx\_client.py", line 1859, in post
    return await self.request(
           ^^^^^^^^^^^^^^^^^^^
  File "E:\icc_cite_royale\projet_devotion\.venv312\Lib\site-packages\httpx\_client.py", line 1540, in request
    return await self.send(request, auth=auth, follow_redirects=follow_redirects)
           ^^^^^^^^^^^^^^^^^^^^^^^^^^^^^^^^^^^^^^^^^^^^^^^^^^^^^^^^^^^^^^^^^^^^^^
  File "E:\icc_cite_royale\projet_devotion\.venv312\Lib\site-packages\httpx\_client.py", line 1629, in send
    response = await self._send_handling_auth(
               ^^^^^^^^^^^^^^^^^^^^^^^^^^^^^^^
  File "E:\icc_cite_royale\projet_devotion\.venv312\Lib\site-packages\httpx\_client.py", line 1657, in _send_handling_auth
    response = await self._send_handling_redirects(
               ^^^^^^^^^^^^^^^^^^^^^^^^^^^^^^^^^^^^
  File "E:\icc_cite_royale\projet_devotion\.venv312\Lib\site-packages\httpx\_client.py", line 1694, in _send_handling_redirects
    response = await self._send_single_request(request)
               ^^^^^^^^^^^^^^^^^^^^^^^^^^^^^^^^^^^^^^^^
  File "E:\icc_cite_royale\projet_devotion\.venv312\Lib\site-packages\httpx\_client.py", line 1730, in _send_single_request
    response = await transport.handle_async_request(request)
               ^^^^^^^^^^^^^^^^^^^^^^^^^^^^^^^^^^^^^^^^^^^^^
  File "E:\icc_cite_royale\projet_devotion\.venv312\Lib\site-packages\httpx\_transports\default.py", line 393, in handle_async_request
    with map_httpcore_exceptions():
         ^^^^^^^^^^^^^^^^^^^^^^^^^
  File "C:\Program Files\WindowsApps\PythonSoftwareFoundation.Python.3.12_3.12.2800.0_x64__qbz5n2kfra8p0\Lib\contextlib.py", line 158, in __exit__
    self.gen.throw(value)
  File "E:\icc_cite_royale\projet_devotion\.venv312\Lib\site-packages\httpx\_transports\default.py", line 118, in map_httpcore_exceptions
    raise mapped_exc(message) from exc
httpx.ReadTimeout
2026-02-23 14:38:21,119 | INFO | devotion_app | POST http://127.0.0.1:5000/agent/extractBook   200
2026-02-23 14:43:05,713 | INFO | httpx | HTTP Request: POST http://localhost:11434/api/chat "HTTP/1.1 200 OK"
2026-02-23 14:43:05,721 | ERROR | devotion_app | JSON invalide renvoyé par le modèle : Expecting value: line 1 column 1 (char 0)
2026-02-23 14:43:05,723 | INFO | devotion_app | POST http://127.0.0.1:5000/agent/extractBook   200
2026-02-23 14:58:16,182 | INFO | devotion_app | Demarage de l'application
2026-02-23 14:58:47,047 | ERROR | devotion_app | Erreur inattendue dans UniversalLLMService
Traceback (most recent call last):
  File "E:\icc_cite_royale\projet_devotion\.venv312\Lib\site-packages\httpx\_transports\default.py", line 101, in map_httpcore_exceptions
    yield
  File "E:\icc_cite_royale\projet_devotion\.venv312\Lib\site-packages\httpx\_transports\default.py", line 394, in handle_async_request
    resp = await self._pool.handle_async_request(req)
           ^^^^^^^^^^^^^^^^^^^^^^^^^^^^^^^^^^^^^^^^^^
  File "E:\icc_cite_royale\projet_devotion\.venv312\Lib\site-packages\httpcore\_async\connection_pool.py", line 256, in handle_async_request
    raise exc from None
  File "E:\icc_cite_royale\projet_devotion\.venv312\Lib\site-packages\httpcore\_async\connection_pool.py", line 236, in handle_async_request
    response = await connection.handle_async_request(
               ^^^^^^^^^^^^^^^^^^^^^^^^^^^^^^^^^^^^^^
  File "E:\icc_cite_royale\projet_devotion\.venv312\Lib\site-packages\httpcore\_async\connection.py", line 103, in handle_async_request
    return await self._connection.handle_async_request(request)
           ^^^^^^^^^^^^^^^^^^^^^^^^^^^^^^^^^^^^^^^^^^^^^^^^^^^^
  File "E:\icc_cite_royale\projet_devotion\.venv312\Lib\site-packages\httpcore\_async\http11.py", line 136, in handle_async_request
    raise exc
  File "E:\icc_cite_royale\projet_devotion\.venv312\Lib\site-packages\httpcore\_async\http11.py", line 106, in handle_async_request
    ) = await self._receive_response_headers(**kwargs)
        ^^^^^^^^^^^^^^^^^^^^^^^^^^^^^^^^^^^^^^^^^^^^^^
  File "E:\icc_cite_royale\projet_devotion\.venv312\Lib\site-packages\httpcore\_async\http11.py", line 177, in _receive_response_headers
    event = await self._receive_event(timeout=timeout)
            ^^^^^^^^^^^^^^^^^^^^^^^^^^^^^^^^^^^^^^^^^^
  File "E:\icc_cite_royale\projet_devotion\.venv312\Lib\site-packages\httpcore\_async\http11.py", line 217, in _receive_event
    data = await self._network_stream.read(
           ^^^^^^^^^^^^^^^^^^^^^^^^^^^^^^^^
  File "E:\icc_cite_royale\projet_devotion\.venv312\Lib\site-packages\httpcore\_backends\anyio.py", line 32, in read
    with map_exceptions(exc_map):
         ^^^^^^^^^^^^^^^^^^^^^^^
  File "C:\Program Files\WindowsApps\PythonSoftwareFoundation.Python.3.12_3.12.2800.0_x64__qbz5n2kfra8p0\Lib\contextlib.py", line 158, in __exit__
    self.gen.throw(value)
  File "E:\icc_cite_royale\projet_devotion\.venv312\Lib\site-packages\httpcore\_exceptions.py", line 14, in map_exceptions
    raise to_exc(exc) from exc
httpcore.ReadTimeout

The above exception was the direct cause of the following exception:

Traceback (most recent call last):
  File "E:\icc_cite_royale\projet_devotion\ai\services\universalLLMService.py", line 50, in generate
    response = await client.post(
               ^^^^^^^^^^^^^^^^^^
  File "E:\icc_cite_royale\projet_devotion\.venv312\Lib\site-packages\httpx\_client.py", line 1859, in post
    return await self.request(
           ^^^^^^^^^^^^^^^^^^^
  File "E:\icc_cite_royale\projet_devotion\.venv312\Lib\site-packages\httpx\_client.py", line 1540, in request
    return await self.send(request, auth=auth, follow_redirects=follow_redirects)
           ^^^^^^^^^^^^^^^^^^^^^^^^^^^^^^^^^^^^^^^^^^^^^^^^^^^^^^^^^^^^^^^^^^^^^^
  File "E:\icc_cite_royale\projet_devotion\.venv312\Lib\site-packages\httpx\_client.py", line 1629, in send
    response = await self._send_handling_auth(
               ^^^^^^^^^^^^^^^^^^^^^^^^^^^^^^^
  File "E:\icc_cite_royale\projet_devotion\.venv312\Lib\site-packages\httpx\_client.py", line 1657, in _send_handling_auth
    response = await self._send_handling_redirects(
               ^^^^^^^^^^^^^^^^^^^^^^^^^^^^^^^^^^^^
  File "E:\icc_cite_royale\projet_devotion\.venv312\Lib\site-packages\httpx\_client.py", line 1694, in _send_handling_redirects
    response = await self._send_single_request(request)
               ^^^^^^^^^^^^^^^^^^^^^^^^^^^^^^^^^^^^^^^^
  File "E:\icc_cite_royale\projet_devotion\.venv312\Lib\site-packages\httpx\_client.py", line 1730, in _send_single_request
    response = await transport.handle_async_request(request)
               ^^^^^^^^^^^^^^^^^^^^^^^^^^^^^^^^^^^^^^^^^^^^^
  File "E:\icc_cite_royale\projet_devotion\.venv312\Lib\site-packages\httpx\_transports\default.py", line 393, in handle_async_request
    with map_httpcore_exceptions():
         ^^^^^^^^^^^^^^^^^^^^^^^^^
  File "C:\Program Files\WindowsApps\PythonSoftwareFoundation.Python.3.12_3.12.2800.0_x64__qbz5n2kfra8p0\Lib\contextlib.py", line 158, in __exit__
    self.gen.throw(value)
  File "E:\icc_cite_royale\projet_devotion\.venv312\Lib\site-packages\httpx\_transports\default.py", line 118, in map_httpcore_exceptions
    raise mapped_exc(message) from exc
httpx.ReadTimeout
2026-02-23 14:58:47,084 | INFO | devotion_app | POST http://127.0.0.1:5000/agent/extractBook   200
2026-02-23 14:59:51,603 | ERROR | devotion_app | Erreur inattendue dans UniversalLLMService
Traceback (most recent call last):
  File "E:\icc_cite_royale\projet_devotion\.venv312\Lib\site-packages\httpx\_transports\default.py", line 101, in map_httpcore_exceptions
    yield
  File "E:\icc_cite_royale\projet_devotion\.venv312\Lib\site-packages\httpx\_transports\default.py", line 394, in handle_async_request
    resp = await self._pool.handle_async_request(req)
           ^^^^^^^^^^^^^^^^^^^^^^^^^^^^^^^^^^^^^^^^^^
  File "E:\icc_cite_royale\projet_devotion\.venv312\Lib\site-packages\httpcore\_async\connection_pool.py", line 256, in handle_async_request
    raise exc from None
  File "E:\icc_cite_royale\projet_devotion\.venv312\Lib\site-packages\httpcore\_async\connection_pool.py", line 236, in handle_async_request
    response = await connection.handle_async_request(
               ^^^^^^^^^^^^^^^^^^^^^^^^^^^^^^^^^^^^^^
  File "E:\icc_cite_royale\projet_devotion\.venv312\Lib\site-packages\httpcore\_async\connection.py", line 103, in handle_async_request
    return await self._connection.handle_async_request(request)
           ^^^^^^^^^^^^^^^^^^^^^^^^^^^^^^^^^^^^^^^^^^^^^^^^^^^^
  File "E:\icc_cite_royale\projet_devotion\.venv312\Lib\site-packages\httpcore\_async\http11.py", line 136, in handle_async_request
    raise exc
  File "E:\icc_cite_royale\projet_devotion\.venv312\Lib\site-packages\httpcore\_async\http11.py", line 106, in handle_async_request
    ) = await self._receive_response_headers(**kwargs)
        ^^^^^^^^^^^^^^^^^^^^^^^^^^^^^^^^^^^^^^^^^^^^^^
  File "E:\icc_cite_royale\projet_devotion\.venv312\Lib\site-packages\httpcore\_async\http11.py", line 177, in _receive_response_headers
    event = await self._receive_event(timeout=timeout)
            ^^^^^^^^^^^^^^^^^^^^^^^^^^^^^^^^^^^^^^^^^^
  File "E:\icc_cite_royale\projet_devotion\.venv312\Lib\site-packages\httpcore\_async\http11.py", line 217, in _receive_event
    data = await self._network_stream.read(
           ^^^^^^^^^^^^^^^^^^^^^^^^^^^^^^^^
  File "E:\icc_cite_royale\projet_devotion\.venv312\Lib\site-packages\httpcore\_backends\anyio.py", line 32, in read
    with map_exceptions(exc_map):
         ^^^^^^^^^^^^^^^^^^^^^^^
  File "C:\Program Files\WindowsApps\PythonSoftwareFoundation.Python.3.12_3.12.2800.0_x64__qbz5n2kfra8p0\Lib\contextlib.py", line 158, in __exit__
    self.gen.throw(value)
  File "E:\icc_cite_royale\projet_devotion\.venv312\Lib\site-packages\httpcore\_exceptions.py", line 14, in map_exceptions
    raise to_exc(exc) from exc
httpcore.ReadTimeout

The above exception was the direct cause of the following exception:

Traceback (most recent call last):
  File "E:\icc_cite_royale\projet_devotion\ai\services\universalLLMService.py", line 50, in generate
    response = await client.post(
               ^^^^^^^^^^^^^^^^^^
  File "E:\icc_cite_royale\projet_devotion\.venv312\Lib\site-packages\httpx\_client.py", line 1859, in post
    return await self.request(
           ^^^^^^^^^^^^^^^^^^^
  File "E:\icc_cite_royale\projet_devotion\.venv312\Lib\site-packages\httpx\_client.py", line 1540, in request
    return await self.send(request, auth=auth, follow_redirects=follow_redirects)
           ^^^^^^^^^^^^^^^^^^^^^^^^^^^^^^^^^^^^^^^^^^^^^^^^^^^^^^^^^^^^^^^^^^^^^^
  File "E:\icc_cite_royale\projet_devotion\.venv312\Lib\site-packages\httpx\_client.py", line 1629, in send
    response = await self._send_handling_auth(
               ^^^^^^^^^^^^^^^^^^^^^^^^^^^^^^^
  File "E:\icc_cite_royale\projet_devotion\.venv312\Lib\site-packages\httpx\_client.py", line 1657, in _send_handling_auth
    response = await self._send_handling_redirects(
               ^^^^^^^^^^^^^^^^^^^^^^^^^^^^^^^^^^^^
  File "E:\icc_cite_royale\projet_devotion\.venv312\Lib\site-packages\httpx\_client.py", line 1694, in _send_handling_redirects
    response = await self._send_single_request(request)
               ^^^^^^^^^^^^^^^^^^^^^^^^^^^^^^^^^^^^^^^^
  File "E:\icc_cite_royale\projet_devotion\.venv312\Lib\site-packages\httpx\_client.py", line 1730, in _send_single_request
    response = await transport.handle_async_request(request)
               ^^^^^^^^^^^^^^^^^^^^^^^^^^^^^^^^^^^^^^^^^^^^^
  File "E:\icc_cite_royale\projet_devotion\.venv312\Lib\site-packages\httpx\_transports\default.py", line 393, in handle_async_request
    with map_httpcore_exceptions():
         ^^^^^^^^^^^^^^^^^^^^^^^^^
  File "C:\Program Files\WindowsApps\PythonSoftwareFoundation.Python.3.12_3.12.2800.0_x64__qbz5n2kfra8p0\Lib\contextlib.py", line 158, in __exit__
    self.gen.throw(value)
  File "E:\icc_cite_royale\projet_devotion\.venv312\Lib\site-packages\httpx\_transports\default.py", line 118, in map_httpcore_exceptions
    raise mapped_exc(message) from exc
httpx.ReadTimeout
2026-02-23 14:59:51,613 | INFO | devotion_app | POST http://127.0.0.1:5000/agent/extractBook   200
2026-02-23 15:01:29,611 | ERROR | devotion_app | Erreur inattendue dans UniversalLLMService
Traceback (most recent call last):
  File "E:\icc_cite_royale\projet_devotion\.venv312\Lib\site-packages\httpx\_transports\default.py", line 101, in map_httpcore_exceptions
    yield
  File "E:\icc_cite_royale\projet_devotion\.venv312\Lib\site-packages\httpx\_transports\default.py", line 394, in handle_async_request
    resp = await self._pool.handle_async_request(req)
           ^^^^^^^^^^^^^^^^^^^^^^^^^^^^^^^^^^^^^^^^^^
  File "E:\icc_cite_royale\projet_devotion\.venv312\Lib\site-packages\httpcore\_async\connection_pool.py", line 256, in handle_async_request
    raise exc from None
  File "E:\icc_cite_royale\projet_devotion\.venv312\Lib\site-packages\httpcore\_async\connection_pool.py", line 236, in handle_async_request
    response = await connection.handle_async_request(
               ^^^^^^^^^^^^^^^^^^^^^^^^^^^^^^^^^^^^^^
  File "E:\icc_cite_royale\projet_devotion\.venv312\Lib\site-packages\httpcore\_async\connection.py", line 103, in handle_async_request
    return await self._connection.handle_async_request(request)
           ^^^^^^^^^^^^^^^^^^^^^^^^^^^^^^^^^^^^^^^^^^^^^^^^^^^^
  File "E:\icc_cite_royale\projet_devotion\.venv312\Lib\site-packages\httpcore\_async\http11.py", line 136, in handle_async_request
    raise exc
  File "E:\icc_cite_royale\projet_devotion\.venv312\Lib\site-packages\httpcore\_async\http11.py", line 106, in handle_async_request
    ) = await self._receive_response_headers(**kwargs)
        ^^^^^^^^^^^^^^^^^^^^^^^^^^^^^^^^^^^^^^^^^^^^^^
  File "E:\icc_cite_royale\projet_devotion\.venv312\Lib\site-packages\httpcore\_async\http11.py", line 177, in _receive_response_headers
    event = await self._receive_event(timeout=timeout)
            ^^^^^^^^^^^^^^^^^^^^^^^^^^^^^^^^^^^^^^^^^^
  File "E:\icc_cite_royale\projet_devotion\.venv312\Lib\site-packages\httpcore\_async\http11.py", line 217, in _receive_event
    data = await self._network_stream.read(
           ^^^^^^^^^^^^^^^^^^^^^^^^^^^^^^^^
  File "E:\icc_cite_royale\projet_devotion\.venv312\Lib\site-packages\httpcore\_backends\anyio.py", line 32, in read
    with map_exceptions(exc_map):
         ^^^^^^^^^^^^^^^^^^^^^^^
  File "C:\Program Files\WindowsApps\PythonSoftwareFoundation.Python.3.12_3.12.2800.0_x64__qbz5n2kfra8p0\Lib\contextlib.py", line 158, in __exit__
    self.gen.throw(value)
  File "E:\icc_cite_royale\projet_devotion\.venv312\Lib\site-packages\httpcore\_exceptions.py", line 14, in map_exceptions
    raise to_exc(exc) from exc
httpcore.ReadTimeout

The above exception was the direct cause of the following exception:

Traceback (most recent call last):
  File "E:\icc_cite_royale\projet_devotion\ai\services\universalLLMService.py", line 50, in generate
    response = await client.post(
               ^^^^^^^^^^^^^^^^^^
  File "E:\icc_cite_royale\projet_devotion\.venv312\Lib\site-packages\httpx\_client.py", line 1859, in post
    return await self.request(
           ^^^^^^^^^^^^^^^^^^^
  File "E:\icc_cite_royale\projet_devotion\.venv312\Lib\site-packages\httpx\_client.py", line 1540, in request
    return await self.send(request, auth=auth, follow_redirects=follow_redirects)
           ^^^^^^^^^^^^^^^^^^^^^^^^^^^^^^^^^^^^^^^^^^^^^^^^^^^^^^^^^^^^^^^^^^^^^^
  File "E:\icc_cite_royale\projet_devotion\.venv312\Lib\site-packages\httpx\_client.py", line 1629, in send
    response = await self._send_handling_auth(
               ^^^^^^^^^^^^^^^^^^^^^^^^^^^^^^^
  File "E:\icc_cite_royale\projet_devotion\.venv312\Lib\site-packages\httpx\_client.py", line 1657, in _send_handling_auth
    response = await self._send_handling_redirects(
               ^^^^^^^^^^^^^^^^^^^^^^^^^^^^^^^^^^^^
  File "E:\icc_cite_royale\projet_devotion\.venv312\Lib\site-packages\httpx\_client.py", line 1694, in _send_handling_redirects
    response = await self._send_single_request(request)
               ^^^^^^^^^^^^^^^^^^^^^^^^^^^^^^^^^^^^^^^^
  File "E:\icc_cite_royale\projet_devotion\.venv312\Lib\site-packages\httpx\_client.py", line 1730, in _send_single_request
    response = await transport.handle_async_request(request)
               ^^^^^^^^^^^^^^^^^^^^^^^^^^^^^^^^^^^^^^^^^^^^^
  File "E:\icc_cite_royale\projet_devotion\.venv312\Lib\site-packages\httpx\_transports\default.py", line 393, in handle_async_request
    with map_httpcore_exceptions():
         ^^^^^^^^^^^^^^^^^^^^^^^^^
  File "C:\Program Files\WindowsApps\PythonSoftwareFoundation.Python.3.12_3.12.2800.0_x64__qbz5n2kfra8p0\Lib\contextlib.py", line 158, in __exit__
    self.gen.throw(value)
  File "E:\icc_cite_royale\projet_devotion\.venv312\Lib\site-packages\httpx\_transports\default.py", line 118, in map_httpcore_exceptions
    raise mapped_exc(message) from exc
httpx.ReadTimeout
2026-02-23 15:01:29,618 | INFO | devotion_app | POST http://127.0.0.1:5000/agent/extractBook   200
2026-02-23 15:04:30,554 | INFO | devotion_app | Demarage de l'application
2026-02-23 15:05:26,922 | ERROR | devotion_app | Erreur inattendue dans UniversalLLMService
Traceback (most recent call last):
  File "E:\icc_cite_royale\projet_devotion\.venv312\Lib\site-packages\httpx\_transports\default.py", line 101, in map_httpcore_exceptions
    yield
  File "E:\icc_cite_royale\projet_devotion\.venv312\Lib\site-packages\httpx\_transports\default.py", line 394, in handle_async_request
    resp = await self._pool.handle_async_request(req)
           ^^^^^^^^^^^^^^^^^^^^^^^^^^^^^^^^^^^^^^^^^^
  File "E:\icc_cite_royale\projet_devotion\.venv312\Lib\site-packages\httpcore\_async\connection_pool.py", line 256, in handle_async_request
    raise exc from None
  File "E:\icc_cite_royale\projet_devotion\.venv312\Lib\site-packages\httpcore\_async\connection_pool.py", line 236, in handle_async_request
    response = await connection.handle_async_request(
               ^^^^^^^^^^^^^^^^^^^^^^^^^^^^^^^^^^^^^^
  File "E:\icc_cite_royale\projet_devotion\.venv312\Lib\site-packages\httpcore\_async\connection.py", line 103, in handle_async_request
    return await self._connection.handle_async_request(request)
           ^^^^^^^^^^^^^^^^^^^^^^^^^^^^^^^^^^^^^^^^^^^^^^^^^^^^
  File "E:\icc_cite_royale\projet_devotion\.venv312\Lib\site-packages\httpcore\_async\http11.py", line 136, in handle_async_request
    raise exc
  File "E:\icc_cite_royale\projet_devotion\.venv312\Lib\site-packages\httpcore\_async\http11.py", line 106, in handle_async_request
    ) = await self._receive_response_headers(**kwargs)
        ^^^^^^^^^^^^^^^^^^^^^^^^^^^^^^^^^^^^^^^^^^^^^^
  File "E:\icc_cite_royale\projet_devotion\.venv312\Lib\site-packages\httpcore\_async\http11.py", line 177, in _receive_response_headers
    event = await self._receive_event(timeout=timeout)
            ^^^^^^^^^^^^^^^^^^^^^^^^^^^^^^^^^^^^^^^^^^
  File "E:\icc_cite_royale\projet_devotion\.venv312\Lib\site-packages\httpcore\_async\http11.py", line 217, in _receive_event
    data = await self._network_stream.read(
           ^^^^^^^^^^^^^^^^^^^^^^^^^^^^^^^^
  File "E:\icc_cite_royale\projet_devotion\.venv312\Lib\site-packages\httpcore\_backends\anyio.py", line 32, in read
    with map_exceptions(exc_map):
         ^^^^^^^^^^^^^^^^^^^^^^^
  File "C:\Program Files\WindowsApps\PythonSoftwareFoundation.Python.3.12_3.12.2800.0_x64__qbz5n2kfra8p0\Lib\contextlib.py", line 158, in __exit__
    self.gen.throw(value)
  File "E:\icc_cite_royale\projet_devotion\.venv312\Lib\site-packages\httpcore\_exceptions.py", line 14, in map_exceptions
    raise to_exc(exc) from exc
httpcore.ReadTimeout

The above exception was the direct cause of the following exception:

Traceback (most recent call last):
  File "E:\icc_cite_royale\projet_devotion\ai\services\universalLLMService.py", line 50, in generate
    response = await client.post(
               ^^^^^^^^^^^^^^^^^^
  File "E:\icc_cite_royale\projet_devotion\.venv312\Lib\site-packages\httpx\_client.py", line 1859, in post
    return await self.request(
           ^^^^^^^^^^^^^^^^^^^
  File "E:\icc_cite_royale\projet_devotion\.venv312\Lib\site-packages\httpx\_client.py", line 1540, in request
    return await self.send(request, auth=auth, follow_redirects=follow_redirects)
           ^^^^^^^^^^^^^^^^^^^^^^^^^^^^^^^^^^^^^^^^^^^^^^^^^^^^^^^^^^^^^^^^^^^^^^
  File "E:\icc_cite_royale\projet_devotion\.venv312\Lib\site-packages\httpx\_client.py", line 1629, in send
    response = await self._send_handling_auth(
               ^^^^^^^^^^^^^^^^^^^^^^^^^^^^^^^
  File "E:\icc_cite_royale\projet_devotion\.venv312\Lib\site-packages\httpx\_client.py", line 1657, in _send_handling_auth
    response = await self._send_handling_redirects(
               ^^^^^^^^^^^^^^^^^^^^^^^^^^^^^^^^^^^^
  File "E:\icc_cite_royale\projet_devotion\.venv312\Lib\site-packages\httpx\_client.py", line 1694, in _send_handling_redirects
    response = await self._send_single_request(request)
               ^^^^^^^^^^^^^^^^^^^^^^^^^^^^^^^^^^^^^^^^
  File "E:\icc_cite_royale\projet_devotion\.venv312\Lib\site-packages\httpx\_client.py", line 1730, in _send_single_request
    response = await transport.handle_async_request(request)
               ^^^^^^^^^^^^^^^^^^^^^^^^^^^^^^^^^^^^^^^^^^^^^
  File "E:\icc_cite_royale\projet_devotion\.venv312\Lib\site-packages\httpx\_transports\default.py", line 393, in handle_async_request
    with map_httpcore_exceptions():
         ^^^^^^^^^^^^^^^^^^^^^^^^^
  File "C:\Program Files\WindowsApps\PythonSoftwareFoundation.Python.3.12_3.12.2800.0_x64__qbz5n2kfra8p0\Lib\contextlib.py", line 158, in __exit__
    self.gen.throw(value)
  File "E:\icc_cite_royale\projet_devotion\.venv312\Lib\site-packages\httpx\_transports\default.py", line 118, in map_httpcore_exceptions
    raise mapped_exc(message) from exc
httpx.ReadTimeout
2026-02-23 15:05:26,962 | INFO | devotion_app | POST http://127.0.0.1:5000/agent/extractBook   200
2026-02-23 15:13:27,746 | ERROR | devotion_app | Erreur inattendue dans UniversalLLMService
Traceback (most recent call last):
  File "E:\icc_cite_royale\projet_devotion\.venv312\Lib\site-packages\httpx\_transports\default.py", line 101, in map_httpcore_exceptions
    yield
  File "E:\icc_cite_royale\projet_devotion\.venv312\Lib\site-packages\httpx\_transports\default.py", line 394, in handle_async_request
    resp = await self._pool.handle_async_request(req)
           ^^^^^^^^^^^^^^^^^^^^^^^^^^^^^^^^^^^^^^^^^^
  File "E:\icc_cite_royale\projet_devotion\.venv312\Lib\site-packages\httpcore\_async\connection_pool.py", line 256, in handle_async_request
    raise exc from None
  File "E:\icc_cite_royale\projet_devotion\.venv312\Lib\site-packages\httpcore\_async\connection_pool.py", line 236, in handle_async_request
    response = await connection.handle_async_request(
               ^^^^^^^^^^^^^^^^^^^^^^^^^^^^^^^^^^^^^^
  File "E:\icc_cite_royale\projet_devotion\.venv312\Lib\site-packages\httpcore\_async\connection.py", line 103, in handle_async_request
    return await self._connection.handle_async_request(request)
           ^^^^^^^^^^^^^^^^^^^^^^^^^^^^^^^^^^^^^^^^^^^^^^^^^^^^
  File "E:\icc_cite_royale\projet_devotion\.venv312\Lib\site-packages\httpcore\_async\http11.py", line 136, in handle_async_request
    raise exc
  File "E:\icc_cite_royale\projet_devotion\.venv312\Lib\site-packages\httpcore\_async\http11.py", line 106, in handle_async_request
    ) = await self._receive_response_headers(**kwargs)
        ^^^^^^^^^^^^^^^^^^^^^^^^^^^^^^^^^^^^^^^^^^^^^^
  File "E:\icc_cite_royale\projet_devotion\.venv312\Lib\site-packages\httpcore\_async\http11.py", line 177, in _receive_response_headers
    event = await self._receive_event(timeout=timeout)
            ^^^^^^^^^^^^^^^^^^^^^^^^^^^^^^^^^^^^^^^^^^
  File "E:\icc_cite_royale\projet_devotion\.venv312\Lib\site-packages\httpcore\_async\http11.py", line 217, in _receive_event
    data = await self._network_stream.read(
           ^^^^^^^^^^^^^^^^^^^^^^^^^^^^^^^^
  File "E:\icc_cite_royale\projet_devotion\.venv312\Lib\site-packages\httpcore\_backends\anyio.py", line 32, in read
    with map_exceptions(exc_map):
         ^^^^^^^^^^^^^^^^^^^^^^^
  File "C:\Program Files\WindowsApps\PythonSoftwareFoundation.Python.3.12_3.12.2800.0_x64__qbz5n2kfra8p0\Lib\contextlib.py", line 158, in __exit__
    self.gen.throw(value)
  File "E:\icc_cite_royale\projet_devotion\.venv312\Lib\site-packages\httpcore\_exceptions.py", line 14, in map_exceptions
    raise to_exc(exc) from exc
httpcore.ReadTimeout

The above exception was the direct cause of the following exception:

Traceback (most recent call last):
  File "E:\icc_cite_royale\projet_devotion\ai\services\universalLLMService.py", line 50, in generate
    response = await client.post(
               ^^^^^^^^^^^^^^^^^^
  File "E:\icc_cite_royale\projet_devotion\.venv312\Lib\site-packages\httpx\_client.py", line 1859, in post
    return await self.request(
           ^^^^^^^^^^^^^^^^^^^
  File "E:\icc_cite_royale\projet_devotion\.venv312\Lib\site-packages\httpx\_client.py", line 1540, in request
    return await self.send(request, auth=auth, follow_redirects=follow_redirects)
           ^^^^^^^^^^^^^^^^^^^^^^^^^^^^^^^^^^^^^^^^^^^^^^^^^^^^^^^^^^^^^^^^^^^^^^
  File "E:\icc_cite_royale\projet_devotion\.venv312\Lib\site-packages\httpx\_client.py", line 1629, in send
    response = await self._send_handling_auth(
               ^^^^^^^^^^^^^^^^^^^^^^^^^^^^^^^
  File "E:\icc_cite_royale\projet_devotion\.venv312\Lib\site-packages\httpx\_client.py", line 1657, in _send_handling_auth
    response = await self._send_handling_redirects(
               ^^^^^^^^^^^^^^^^^^^^^^^^^^^^^^^^^^^^
  File "E:\icc_cite_royale\projet_devotion\.venv312\Lib\site-packages\httpx\_client.py", line 1694, in _send_handling_redirects
    response = await self._send_single_request(request)
               ^^^^^^^^^^^^^^^^^^^^^^^^^^^^^^^^^^^^^^^^
  File "E:\icc_cite_royale\projet_devotion\.venv312\Lib\site-packages\httpx\_client.py", line 1730, in _send_single_request
    response = await transport.handle_async_request(request)
               ^^^^^^^^^^^^^^^^^^^^^^^^^^^^^^^^^^^^^^^^^^^^^
  File "E:\icc_cite_royale\projet_devotion\.venv312\Lib\site-packages\httpx\_transports\default.py", line 393, in handle_async_request
    with map_httpcore_exceptions():
         ^^^^^^^^^^^^^^^^^^^^^^^^^
  File "C:\Program Files\WindowsApps\PythonSoftwareFoundation.Python.3.12_3.12.2800.0_x64__qbz5n2kfra8p0\Lib\contextlib.py", line 158, in __exit__
    self.gen.throw(value)
  File "E:\icc_cite_royale\projet_devotion\.venv312\Lib\site-packages\httpx\_transports\default.py", line 118, in map_httpcore_exceptions
    raise mapped_exc(message) from exc
httpx.ReadTimeout
2026-02-23 15:13:27,761 | INFO | devotion_app | POST http://127.0.0.1:5000/agent/extractBook   200
2026-02-23 15:17:38,421 | ERROR | devotion_app | Erreur inattendue dans UniversalLLMService
Traceback (most recent call last):
  File "E:\icc_cite_royale\projet_devotion\.venv312\Lib\site-packages\httpx\_transports\default.py", line 101, in map_httpcore_exceptions
    yield
  File "E:\icc_cite_royale\projet_devotion\.venv312\Lib\site-packages\httpx\_transports\default.py", line 394, in handle_async_request
    resp = await self._pool.handle_async_request(req)
           ^^^^^^^^^^^^^^^^^^^^^^^^^^^^^^^^^^^^^^^^^^
  File "E:\icc_cite_royale\projet_devotion\.venv312\Lib\site-packages\httpcore\_async\connection_pool.py", line 256, in handle_async_request
    raise exc from None
  File "E:\icc_cite_royale\projet_devotion\.venv312\Lib\site-packages\httpcore\_async\connection_pool.py", line 236, in handle_async_request
    response = await connection.handle_async_request(
               ^^^^^^^^^^^^^^^^^^^^^^^^^^^^^^^^^^^^^^
  File "E:\icc_cite_royale\projet_devotion\.venv312\Lib\site-packages\httpcore\_async\connection.py", line 103, in handle_async_request
    return await self._connection.handle_async_request(request)
           ^^^^^^^^^^^^^^^^^^^^^^^^^^^^^^^^^^^^^^^^^^^^^^^^^^^^
  File "E:\icc_cite_royale\projet_devotion\.venv312\Lib\site-packages\httpcore\_async\http11.py", line 136, in handle_async_request
    raise exc
  File "E:\icc_cite_royale\projet_devotion\.venv312\Lib\site-packages\httpcore\_async\http11.py", line 106, in handle_async_request
    ) = await self._receive_response_headers(**kwargs)
        ^^^^^^^^^^^^^^^^^^^^^^^^^^^^^^^^^^^^^^^^^^^^^^
  File "E:\icc_cite_royale\projet_devotion\.venv312\Lib\site-packages\httpcore\_async\http11.py", line 177, in _receive_response_headers
    event = await self._receive_event(timeout=timeout)
            ^^^^^^^^^^^^^^^^^^^^^^^^^^^^^^^^^^^^^^^^^^
  File "E:\icc_cite_royale\projet_devotion\.venv312\Lib\site-packages\httpcore\_async\http11.py", line 217, in _receive_event
    data = await self._network_stream.read(
           ^^^^^^^^^^^^^^^^^^^^^^^^^^^^^^^^
  File "E:\icc_cite_royale\projet_devotion\.venv312\Lib\site-packages\httpcore\_backends\anyio.py", line 32, in read
    with map_exceptions(exc_map):
         ^^^^^^^^^^^^^^^^^^^^^^^
  File "C:\Program Files\WindowsApps\PythonSoftwareFoundation.Python.3.12_3.12.2800.0_x64__qbz5n2kfra8p0\Lib\contextlib.py", line 158, in __exit__
    self.gen.throw(value)
  File "E:\icc_cite_royale\projet_devotion\.venv312\Lib\site-packages\httpcore\_exceptions.py", line 14, in map_exceptions
    raise to_exc(exc) from exc
httpcore.ReadTimeout

The above exception was the direct cause of the following exception:

Traceback (most recent call last):
  File "E:\icc_cite_royale\projet_devotion\ai\services\universalLLMService.py", line 50, in generate
    response = await client.post(
               ^^^^^^^^^^^^^^^^^^
  File "E:\icc_cite_royale\projet_devotion\.venv312\Lib\site-packages\httpx\_client.py", line 1859, in post
    return await self.request(
           ^^^^^^^^^^^^^^^^^^^
  File "E:\icc_cite_royale\projet_devotion\.venv312\Lib\site-packages\httpx\_client.py", line 1540, in request
    return await self.send(request, auth=auth, follow_redirects=follow_redirects)
           ^^^^^^^^^^^^^^^^^^^^^^^^^^^^^^^^^^^^^^^^^^^^^^^^^^^^^^^^^^^^^^^^^^^^^^
  File "E:\icc_cite_royale\projet_devotion\.venv312\Lib\site-packages\httpx\_client.py", line 1629, in send
    response = await self._send_handling_auth(
               ^^^^^^^^^^^^^^^^^^^^^^^^^^^^^^^
  File "E:\icc_cite_royale\projet_devotion\.venv312\Lib\site-packages\httpx\_client.py", line 1657, in _send_handling_auth
    response = await self._send_handling_redirects(
               ^^^^^^^^^^^^^^^^^^^^^^^^^^^^^^^^^^^^
  File "E:\icc_cite_royale\projet_devotion\.venv312\Lib\site-packages\httpx\_client.py", line 1694, in _send_handling_redirects
    response = await self._send_single_request(request)
               ^^^^^^^^^^^^^^^^^^^^^^^^^^^^^^^^^^^^^^^^
  File "E:\icc_cite_royale\projet_devotion\.venv312\Lib\site-packages\httpx\_client.py", line 1730, in _send_single_request
    response = await transport.handle_async_request(request)
               ^^^^^^^^^^^^^^^^^^^^^^^^^^^^^^^^^^^^^^^^^^^^^
  File "E:\icc_cite_royale\projet_devotion\.venv312\Lib\site-packages\httpx\_transports\default.py", line 393, in handle_async_request
    with map_httpcore_exceptions():
         ^^^^^^^^^^^^^^^^^^^^^^^^^
  File "C:\Program Files\WindowsApps\PythonSoftwareFoundation.Python.3.12_3.12.2800.0_x64__qbz5n2kfra8p0\Lib\contextlib.py", line 158, in __exit__
    self.gen.throw(value)
  File "E:\icc_cite_royale\projet_devotion\.venv312\Lib\site-packages\httpx\_transports\default.py", line 118, in map_httpcore_exceptions
    raise mapped_exc(message) from exc
httpx.ReadTimeout
2026-02-23 15:17:38,474 | INFO | devotion_app | POST http://127.0.0.1:5000/agent/extractBook   200
2026-02-23 15:20:33,095 | INFO | devotion_app | Demarage de l'application
2026-02-23 15:22:40,885 | ERROR | devotion_app | delais d'attente de lecture dépassé
Traceback (most recent call last):
  File "E:\icc_cite_royale\projet_devotion\.venv312\Lib\site-packages\httpx\_transports\default.py", line 101, in map_httpcore_exceptions
    yield
  File "E:\icc_cite_royale\projet_devotion\.venv312\Lib\site-packages\httpx\_transports\default.py", line 394, in handle_async_request
    resp = await self._pool.handle_async_request(req)
           ^^^^^^^^^^^^^^^^^^^^^^^^^^^^^^^^^^^^^^^^^^
  File "E:\icc_cite_royale\projet_devotion\.venv312\Lib\site-packages\httpcore\_async\connection_pool.py", line 256, in handle_async_request
    raise exc from None
  File "E:\icc_cite_royale\projet_devotion\.venv312\Lib\site-packages\httpcore\_async\connection_pool.py", line 236, in handle_async_request
    response = await connection.handle_async_request(
               ^^^^^^^^^^^^^^^^^^^^^^^^^^^^^^^^^^^^^^
  File "E:\icc_cite_royale\projet_devotion\.venv312\Lib\site-packages\httpcore\_async\connection.py", line 103, in handle_async_request
    return await self._connection.handle_async_request(request)
           ^^^^^^^^^^^^^^^^^^^^^^^^^^^^^^^^^^^^^^^^^^^^^^^^^^^^
  File "E:\icc_cite_royale\projet_devotion\.venv312\Lib\site-packages\httpcore\_async\http11.py", line 136, in handle_async_request
    raise exc
  File "E:\icc_cite_royale\projet_devotion\.venv312\Lib\site-packages\httpcore\_async\http11.py", line 106, in handle_async_request
    ) = await self._receive_response_headers(**kwargs)
        ^^^^^^^^^^^^^^^^^^^^^^^^^^^^^^^^^^^^^^^^^^^^^^
  File "E:\icc_cite_royale\projet_devotion\.venv312\Lib\site-packages\httpcore\_async\http11.py", line 177, in _receive_response_headers
    event = await self._receive_event(timeout=timeout)
            ^^^^^^^^^^^^^^^^^^^^^^^^^^^^^^^^^^^^^^^^^^
  File "E:\icc_cite_royale\projet_devotion\.venv312\Lib\site-packages\httpcore\_async\http11.py", line 217, in _receive_event
    data = await self._network_stream.read(
           ^^^^^^^^^^^^^^^^^^^^^^^^^^^^^^^^
  File "E:\icc_cite_royale\projet_devotion\.venv312\Lib\site-packages\httpcore\_backends\anyio.py", line 32, in read
    with map_exceptions(exc_map):
         ^^^^^^^^^^^^^^^^^^^^^^^
  File "C:\Program Files\WindowsApps\PythonSoftwareFoundation.Python.3.12_3.12.2800.0_x64__qbz5n2kfra8p0\Lib\contextlib.py", line 158, in __exit__
    self.gen.throw(value)
  File "E:\icc_cite_royale\projet_devotion\.venv312\Lib\site-packages\httpcore\_exceptions.py", line 14, in map_exceptions
    raise to_exc(exc) from exc
httpcore.ReadTimeout

The above exception was the direct cause of the following exception:

Traceback (most recent call last):
  File "E:\icc_cite_royale\projet_devotion\ai\services\universalLLMService.py", line 51, in generate
    response = await client.post(
               ^^^^^^^^^^^^^^^^^^
  File "E:\icc_cite_royale\projet_devotion\.venv312\Lib\site-packages\httpx\_client.py", line 1859, in post
    return await self.request(
           ^^^^^^^^^^^^^^^^^^^
  File "E:\icc_cite_royale\projet_devotion\.venv312\Lib\site-packages\httpx\_client.py", line 1540, in request
    return await self.send(request, auth=auth, follow_redirects=follow_redirects)
           ^^^^^^^^^^^^^^^^^^^^^^^^^^^^^^^^^^^^^^^^^^^^^^^^^^^^^^^^^^^^^^^^^^^^^^
  File "E:\icc_cite_royale\projet_devotion\.venv312\Lib\site-packages\httpx\_client.py", line 1629, in send
    response = await self._send_handling_auth(
               ^^^^^^^^^^^^^^^^^^^^^^^^^^^^^^^
  File "E:\icc_cite_royale\projet_devotion\.venv312\Lib\site-packages\httpx\_client.py", line 1657, in _send_handling_auth
    response = await self._send_handling_redirects(
               ^^^^^^^^^^^^^^^^^^^^^^^^^^^^^^^^^^^^
  File "E:\icc_cite_royale\projet_devotion\.venv312\Lib\site-packages\httpx\_client.py", line 1694, in _send_handling_redirects
    response = await self._send_single_request(request)
               ^^^^^^^^^^^^^^^^^^^^^^^^^^^^^^^^^^^^^^^^
  File "E:\icc_cite_royale\projet_devotion\.venv312\Lib\site-packages\httpx\_client.py", line 1730, in _send_single_request
    response = await transport.handle_async_request(request)
               ^^^^^^^^^^^^^^^^^^^^^^^^^^^^^^^^^^^^^^^^^^^^^
  File "E:\icc_cite_royale\projet_devotion\.venv312\Lib\site-packages\httpx\_transports\default.py", line 393, in handle_async_request
    with map_httpcore_exceptions():
         ^^^^^^^^^^^^^^^^^^^^^^^^^
  File "C:\Program Files\WindowsApps\PythonSoftwareFoundation.Python.3.12_3.12.2800.0_x64__qbz5n2kfra8p0\Lib\contextlib.py", line 158, in __exit__
    self.gen.throw(value)
  File "E:\icc_cite_royale\projet_devotion\.venv312\Lib\site-packages\httpx\_transports\default.py", line 118, in map_httpcore_exceptions
    raise mapped_exc(message) from exc
httpx.ReadTimeout
2026-02-23 15:22:40,899 | INFO | devotion_app | POST http://127.0.0.1:5000/agent/extractBook   200
2026-02-23 15:24:16,959 | INFO | devotion_app | Demarage de l'application
2026-02-23 15:24:42,510 | INFO | devotion_app | Demarage de l'application
2026-02-23 15:28:44,702 | INFO | httpx | HTTP Request: POST http://localhost:11434/api/chat "HTTP/1.1 200 OK"
2026-02-23 15:28:44,797 | ERROR | devotion_app | JSON invalide renvoyé par le modèle : Expecting value: line 1 column 1 (char 0)
2026-02-23 15:28:44,863 | INFO | devotion_app | POST http://127.0.0.1:5000/agent/extractBook   200
2026-02-23 15:31:18,169 | INFO | devotion_app | Demarage de l'application
2026-02-23 15:31:52,963 | INFO | httpx | HTTP Request: POST http://localhost:11434/api/chat "HTTP/1.1 200 OK"
2026-02-23 15:31:52,973 | ERROR | devotion_app | JSON invalide renvoyé par le modèle : Expecting value: line 1 column 1 (char 0)
2026-02-23 15:31:52,974 | INFO | devotion_app | POST http://127.0.0.1:5000/agent/extractBook   200
2026-02-23 15:36:22,335 | INFO | devotion_app | Demarage de l'application
2026-02-23 15:36:31,632 | INFO | devotion_app | Demarage de l'application
2026-02-23 15:37:30,876 | INFO | devotion_app | Demarage de l'application
2026-02-23 15:37:49,570 | INFO | devotion_app | Demarage de l'application
2026-02-23 15:38:08,745 | INFO | httpx | HTTP Request: POST http://localhost:11434/api/chat "HTTP/1.1 200 OK"
2026-02-23 15:38:08,758 | INFO | devotion_app | POST http://127.0.0.1:5000/agent/extractBook   200
2026-02-23 15:39:00,459 | INFO | httpx | HTTP Request: POST http://localhost:11434/api/chat "HTTP/1.1 400 Bad Request"
2026-02-23 15:39:00,469 | ERROR | devotion_app | Erreur HTTP du LLM : Client error '400 Bad Request' for url 'http://localhost:11434/api/chat'
For more information check: https://developer.mozilla.org/en-US/docs/Web/HTTP/Status/400
Traceback (most recent call last):
  File "E:\icc_cite_royale\projet_devotion\ai\services\universalLLMService.py", line 63, in generate
    response.raise_for_status()
  File "E:\icc_cite_royale\projet_devotion\.venv312\Lib\site-packages\httpx\_models.py", line 829, in raise_for_status
    raise HTTPStatusError(message, request=request, response=self)
httpx.HTTPStatusError: Client error '400 Bad Request' for url 'http://localhost:11434/api/chat'
For more information check: https://developer.mozilla.org/en-US/docs/Web/HTTP/Status/400
2026-02-23 15:39:00,474 | INFO | devotion_app | POST http://127.0.0.1:5000/agent/extractBook   200
2026-02-23 15:44:22,707 | INFO | devotion_app | Demarage de l'application
2026-02-23 15:46:20,705 | INFO | devotion_app | Demarage de l'application
2026-02-23 15:46:56,841 | INFO | devotion_app | Demarage de l'application
2026-02-23 15:47:16,435 | INFO | devotion_app | Demarage de l'application
2026-02-23 15:48:09,030 | INFO | devotion_app | Demarage de l'application
2026-02-23 15:48:33,777 | INFO | devotion_app | Demarage de l'application
2026-02-23 15:48:42,497 | INFO | httpx | HTTP Request: POST http://localhost:11434/api/chat "HTTP/1.1 400 Bad Request"
2026-02-23 15:48:42,507 | ERROR | devotion_app | Erreur HTTP du LLM : Client error '400 Bad Request' for url 'http://localhost:11434/api/chat'
For more information check: https://developer.mozilla.org/en-US/docs/Web/HTTP/Status/400
Traceback (most recent call last):
  File "E:\icc_cite_royale\projet_devotion\ai\services\universalLLMService.py", line 63, in generate
    response.raise_for_status()
  File "E:\icc_cite_royale\projet_devotion\.venv312\Lib\site-packages\httpx\_models.py", line 829, in raise_for_status
    raise HTTPStatusError(message, request=request, response=self)
httpx.HTTPStatusError: Client error '400 Bad Request' for url 'http://localhost:11434/api/chat'
For more information check: https://developer.mozilla.org/en-US/docs/Web/HTTP/Status/400
2026-02-23 15:48:42,510 | INFO | devotion_app | POST http://127.0.0.1:5000/agent/extractBook   200
2026-02-23 16:43:14,633 | INFO | devotion_app | Demarage de l'application
2026-02-23 16:44:57,241 | INFO | devotion_app | Demarage de l'application
2026-02-23 16:45:08,913 | INFO | devotion_app | Demarage de l'application
2026-02-23 16:49:28,056 | INFO | devotion_app | Demarage de l'application
2026-02-23 16:52:49,323 | INFO | devotion_app | Demarage de l'application
2026-02-23 16:53:34,688 | INFO | devotion_app | Demarage de l'application
2026-02-23 16:53:45,091 | INFO | devotion_app | Demarage de l'application
2026-02-23 16:54:25,290 | INFO | devotion_app | Demarage de l'application
2026-02-23 16:57:55,292 | INFO | devotion_app | Demarage de l'application
2026-02-23 16:58:14,813 | INFO | devotion_app | Demarage de l'application
2026-02-23 16:58:34,283 | INFO | devotion_app | Demarage de l'application
2026-02-23 16:58:46,267 | INFO | devotion_app | Demarage de l'application
2026-02-23 16:58:57,351 | INFO | devotion_app | Demarage de l'application
2026-02-23 16:59:06,913 | INFO | devotion_app | Demarage de l'application
2026-02-23 16:59:27,721 | INFO | devotion_app | Demarage de l'application
2026-02-23 17:15:19,934 | INFO | devotion_app | Demarage de l'application
2026-02-23 17:15:36,740 | INFO | devotion_app | Demarage de l'application
2026-02-23 17:15:58,983 | INFO | devotion_app | Demarage de l'application
2026-02-23 17:16:11,942 | INFO | devotion_app | Demarage de l'application
2026-02-23 17:16:23,872 | INFO | devotion_app | Demarage de l'application
2026-02-23 17:16:44,622 | INFO | devotion_app | Demarage de l'application
2026-02-23 17:16:56,410 | INFO | devotion_app | Demarage de l'application
2026-02-23 17:21:25,244 | INFO | devotion_app | Demarage de l'application
2026-02-23 17:21:54,045 | INFO | devotion_app | Demarage de l'application
2026-02-23 17:22:14,306 | INFO | devotion_app | Demarage de l'application
2026-02-23 17:22:28,261 | INFO | devotion_app | Demarage de l'application
2026-02-23 17:22:39,137 | INFO | devotion_app | Demarage de l'application
2026-02-23 17:22:49,821 | INFO | devotion_app | Demarage de l'application
2026-02-23 17:23:01,236 | INFO | devotion_app | Demarage de l'application
2026-02-23 17:23:13,958 | INFO | devotion_app | Demarage de l'application
2026-02-23 17:23:25,787 | INFO | devotion_app | Demarage de l'application
2026-02-23 17:23:36,989 | INFO | devotion_app | Demarage de l'application
2026-02-23 17:23:47,438 | INFO | devotion_app | Demarage de l'application
2026-02-23 17:24:25,013 | INFO | devotion_app | Demarage de l'application
2026-02-23 17:24:37,330 | INFO | devotion_app | Demarage de l'application
2026-02-23 17:24:48,845 | INFO | devotion_app | Demarage de l'application
2026-02-23 17:24:59,197 | INFO | devotion_app | Demarage de l'application
2026-02-23 17:27:21,967 | INFO | devotion_app | Demarage de l'application
2026-02-23 17:27:31,586 | INFO | devotion_app | Demarage de l'application
2026-02-23 17:27:59,339 | INFO | devotion_app | Demarage de l'application
2026-02-23 17:28:11,801 | INFO | devotion_app | Demarage de l'application
2026-02-23 17:29:38,141 | INFO | devotion_app | Demarage de l'application
2026-02-23 17:30:03,960 | INFO | devotion_app | Demarage de l'application
2026-02-23 17:31:43,254 | INFO | devotion_app | Demarage de l'application
2026-02-23 17:31:53,920 | INFO | devotion_app | Demarage de l'application
2026-02-23 17:32:07,998 | INFO | devotion_app | Demarage de l'application
2026-02-23 17:32:20,485 | INFO | devotion_app | Demarage de l'application
2026-02-23 17:32:35,773 | INFO | devotion_app | Demarage de l'application
2026-02-23 17:32:46,462 | INFO | devotion_app | Demarage de l'application
2026-02-23 17:33:13,232 | INFO | devotion_app | Demarage de l'application
2026-02-23 17:33:26,071 | INFO | devotion_app | Demarage de l'application
2026-02-23 17:33:35,331 | INFO | devotion_app | Demarage de l'application
2026-02-23 17:34:04,802 | INFO | devotion_app | Demarage de l'application
2026-02-23 17:34:16,231 | INFO | devotion_app | Demarage de l'application
2026-02-23 17:34:26,246 | INFO | devotion_app | Demarage de l'application
2026-02-23 17:34:36,952 | INFO | devotion_app | Demarage de l'application
2026-02-23 17:34:56,016 | INFO | devotion_app | Demarage de l'application
2026-02-23 17:52:36,238 | INFO | devotion_app | Demarage de l'application
2026-02-23 17:53:19,394 | INFO | devotion_app | Demarage de l'application
2026-02-23 17:53:50,438 | INFO | devotion_app | Demarage de l'application
2026-02-23 17:59:32,597 | INFO | devotion_app | Demarage de l'application
2026-02-23 18:00:40,421 | INFO | devotion_app | Demarage de l'application
2026-02-23 18:01:04,243 | INFO | devotion_app | Demarage de l'application
2026-02-23 18:01:20,323 | INFO | devotion_app | Demarage de l'application
2026-02-23 18:01:36,908 | INFO | devotion_app | Demarage de l'application
2026-02-23 18:01:53,317 | INFO | devotion_app | Demarage de l'application
2026-02-23 18:02:24,343 | INFO | devotion_app | Demarage de l'application
2026-02-23 18:03:12,080 | INFO | devotion_app | Demarage de l'application
2026-02-23 18:03:28,248 | INFO | devotion_app | Demarage de l'application
2026-02-23 18:04:00,201 | INFO | devotion_app | Demarage de l'application
2026-02-23 18:04:18,965 | INFO | devotion_app | Demarage de l'application
2026-02-23 18:04:54,807 | INFO | devotion_app | Demarage de l'application
2026-02-23 18:05:24,428 | INFO | devotion_app | Demarage de l'application
2026-02-23 18:06:13,894 | INFO | devotion_app | Demarage de l'application
2026-02-23 18:12:52,747 | INFO | devotion_app | Demarage de l'application
2026-02-23 18:15:40,108 | INFO | devotion_app | Demarage de l'application
2026-02-23 18:15:58,041 | INFO | devotion_app | Demarage de l'application
2026-02-23 18:16:14,034 | INFO | devotion_app | Demarage de l'application
2026-02-23 18:17:14,500 | INFO | devotion_app | Demarage de l'application
2026-02-23 18:20:37,631 | INFO | devotion_app | Demarage de l'application
2026-02-23 18:20:54,339 | INFO | devotion_app | Demarage de l'application
2026-02-23 18:21:18,185 | INFO | devotion_app | Demarage de l'application
2026-02-23 18:21:35,112 | INFO | devotion_app | Demarage de l'application
2026-02-23 18:23:51,371 | INFO | devotion_app | Demarage de l'application
2026-02-23 18:24:43,234 | INFO | devotion_app | Demarage de l'application
2026-02-23 18:27:53,998 | INFO | devotion_app | Demarage de l'application
2026-02-23 18:30:06,623 | INFO | devotion_app | Demarage de l'application
2026-02-23 18:30:24,054 | INFO | devotion_app | POST http://127.0.0.1:5000/auth/login   200
2026-02-23 18:31:30,061 | INFO | httpx | HTTP Request: POST http://localhost:11434/api/chat "HTTP/1.1 400 Bad Request"
2026-02-23 18:31:30,073 | ERROR | devotion_app | Erreur HTTP du LLM : Client error '400 Bad Request' for url 'http://localhost:11434/api/chat'
For more information check: https://developer.mozilla.org/en-US/docs/Web/HTTP/Status/400
Traceback (most recent call last):
  File "E:\icc_cite_royale\projet_devotion\ai\services\universalLLMService.py", line 54, in generate
    response.raise_for_status()
  File "E:\icc_cite_royale\projet_devotion\.venv312\Lib\site-packages\httpx\_models.py", line 829, in raise_for_status
    raise HTTPStatusError(message, request=request, response=self)
httpx.HTTPStatusError: Client error '400 Bad Request' for url 'http://localhost:11434/api/chat'
For more information check: https://developer.mozilla.org/en-US/docs/Web/HTTP/Status/400
2026-02-23 18:31:30,077 | INFO | devotion_app | POST http://127.0.0.1:5000/agent/extractBook   200
2026-02-23 18:33:18,379 | INFO | devotion_app | Demarage de l'application
2026-02-23 18:33:46,617 | INFO | devotion_app | Demarage de l'application
2026-02-23 18:33:54,541 | INFO | httpx | HTTP Request: POST http://localhost:11434/api/chat "HTTP/1.1 400 Bad Request"
2026-02-23 18:33:54,553 | ERROR | devotion_app | Erreur HTTP du LLM : Client error '400 Bad Request' for url 'http://localhost:11434/api/chat'
For more information check: https://developer.mozilla.org/en-US/docs/Web/HTTP/Status/400
Traceback (most recent call last):
  File "E:\icc_cite_royale\projet_devotion\ai\services\universalLLMService.py", line 54, in generate
    response.raise_for_status()
  File "E:\icc_cite_royale\projet_devotion\.venv312\Lib\site-packages\httpx\_models.py", line 829, in raise_for_status
    raise HTTPStatusError(message, request=request, response=self)
httpx.HTTPStatusError: Client error '400 Bad Request' for url 'http://localhost:11434/api/chat'
For more information check: https://developer.mozilla.org/en-US/docs/Web/HTTP/Status/400
2026-02-23 18:33:54,557 | INFO | devotion_app | POST http://127.0.0.1:5000/agent/extractBook   200
2026-02-23 18:34:06,431 | INFO | httpx | HTTP Request: POST http://localhost:11434/api/chat "HTTP/1.1 400 Bad Request"
2026-02-23 18:34:06,433 | ERROR | devotion_app | Erreur HTTP du LLM : Client error '400 Bad Request' for url 'http://localhost:11434/api/chat'
For more information check: https://developer.mozilla.org/en-US/docs/Web/HTTP/Status/400
Traceback (most recent call last):
  File "E:\icc_cite_royale\projet_devotion\ai\services\universalLLMService.py", line 54, in generate
    response.raise_for_status()
  File "E:\icc_cite_royale\projet_devotion\.venv312\Lib\site-packages\httpx\_models.py", line 829, in raise_for_status
    raise HTTPStatusError(message, request=request, response=self)
httpx.HTTPStatusError: Client error '400 Bad Request' for url 'http://localhost:11434/api/chat'
For more information check: https://developer.mozilla.org/en-US/docs/Web/HTTP/Status/400
2026-02-23 18:34:06,441 | INFO | devotion_app | POST http://127.0.0.1:5000/agent/extractBook   200
2026-02-23 18:35:18,292 | INFO | devotion_app | Demarage de l'application
2026-02-23 18:35:28,928 | INFO | devotion_app | Demarage de l'application
2026-02-23 18:35:31,625 | INFO | httpx | HTTP Request: POST http://localhost:11434/api/chat "HTTP/1.1 400 Bad Request"
2026-02-23 18:35:31,634 | ERROR | devotion_app | Erreur HTTP du LLM : Client error '400 Bad Request' for url 'http://localhost:11434/api/chat'
For more information check: https://developer.mozilla.org/en-US/docs/Web/HTTP/Status/400
Traceback (most recent call last):
  File "E:\icc_cite_royale\projet_devotion\ai\services\universalLLMService.py", line 54, in generate
    response.raise_for_status()
  File "E:\icc_cite_royale\projet_devotion\.venv312\Lib\site-packages\httpx\_models.py", line 829, in raise_for_status
    raise HTTPStatusError(message, request=request, response=self)
httpx.HTTPStatusError: Client error '400 Bad Request' for url 'http://localhost:11434/api/chat'
For more information check: https://developer.mozilla.org/en-US/docs/Web/HTTP/Status/400
2026-02-23 18:35:31,636 | INFO | devotion_app | POST http://127.0.0.1:5000/agent/extractBook   200
2026-02-23 18:35:41,312 | INFO | httpx | HTTP Request: POST http://localhost:11434/api/chat "HTTP/1.1 400 Bad Request"
2026-02-23 18:35:41,323 | ERROR | devotion_app | Erreur HTTP du LLM : Client error '400 Bad Request' for url 'http://localhost:11434/api/chat'
For more information check: https://developer.mozilla.org/en-US/docs/Web/HTTP/Status/400
Traceback (most recent call last):
  File "E:\icc_cite_royale\projet_devotion\ai\services\universalLLMService.py", line 54, in generate
    response.raise_for_status()
  File "E:\icc_cite_royale\projet_devotion\.venv312\Lib\site-packages\httpx\_models.py", line 829, in raise_for_status
    raise HTTPStatusError(message, request=request, response=self)
httpx.HTTPStatusError: Client error '400 Bad Request' for url 'http://localhost:11434/api/chat'
For more information check: https://developer.mozilla.org/en-US/docs/Web/HTTP/Status/400
2026-02-23 18:35:41,327 | INFO | devotion_app | POST http://127.0.0.1:5000/agent/extractBook   200
2026-02-23 18:37:20,650 | INFO | httpx | HTTP Request: POST http://localhost:11434/api/chat "HTTP/1.1 200 OK"
2026-02-23 18:37:20,671 | INFO | devotion_app | POST http://127.0.0.1:5000/agent/extractBook   200
2026-02-23 19:00:47,872 | INFO | devotion_app | Demarage de l'application
2026-02-23 19:01:14,035 | INFO | devotion_app | Demarage de l'application
2026-02-23 19:01:35,499 | INFO | devotion_app | Demarage de l'application
2026-02-23 19:08:40,643 | INFO | devotion_app | Demarage de l'application
2026-02-23 19:09:23,591 | INFO | devotion_app | Demarage de l'application
2026-02-23 19:18:20,583 | INFO | devotion_app | Demarage de l'application
2026-02-23 19:21:57,278 | INFO | httpx | HTTP Request: POST http://localhost:11434/api/chat "HTTP/1.1 200 OK"
2026-02-23 19:21:57,310 | INFO | devotion_app | POST http://127.0.0.1:5000/agent/extractBook   200
2026-02-23 19:24:07,796 | INFO | httpx | HTTP Request: POST http://localhost:11434/api/chat "HTTP/1.1 400 Bad Request"
2026-02-23 19:24:07,809 | ERROR | devotion_app | Erreur HTTP du LLM : Client error '400 Bad Request' for url 'http://localhost:11434/api/chat'
For more information check: https://developer.mozilla.org/en-US/docs/Web/HTTP/Status/400
Traceback (most recent call last):
  File "E:\icc_cite_royale\projet_devotion\ai\services\universalLLMService.py", line 54, in generate
    response.raise_for_status()
  File "E:\icc_cite_royale\projet_devotion\.venv312\Lib\site-packages\httpx\_models.py", line 829, in raise_for_status
    raise HTTPStatusError(message, request=request, response=self)
httpx.HTTPStatusError: Client error '400 Bad Request' for url 'http://localhost:11434/api/chat'
For more information check: https://developer.mozilla.org/en-US/docs/Web/HTTP/Status/400
2026-02-23 19:24:07,814 | INFO | devotion_app | POST http://127.0.0.1:5000/agent/extractBook   200
2026-02-23 19:41:34,645 | INFO | devotion_app | Demarage de l'application
2026-02-23 19:45:22,722 | INFO | devotion_app | Demarage de l'application
2026-02-23 19:45:34,513 | INFO | devotion_app | Demarage de l'application
2026-02-23 19:45:46,700 | INFO | devotion_app | Demarage de l'application
2026-02-23 19:45:57,780 | INFO | devotion_app | Demarage de l'application
2026-02-23 19:46:08,925 | INFO | devotion_app | Demarage de l'application
2026-02-23 19:46:20,934 | INFO | devotion_app | Demarage de l'application
2026-02-23 19:46:30,882 | INFO | devotion_app | Demarage de l'application
2026-02-23 19:47:32,078 | INFO | devotion_app | Demarage de l'application
2026-02-23 19:47:50,129 | INFO | devotion_app | Demarage de l'application
2026-02-23 19:49:09,317 | INFO | devotion_app | Demarage de l'application
2026-02-23 19:49:28,516 | INFO | devotion_app | Demarage de l'application
2026-02-23 19:50:53,536 | INFO | devotion_app | Demarage de l'application
2026-02-23 19:51:49,435 | INFO | devotion_app | Demarage de l'application
2026-02-23 19:52:02,384 | INFO | devotion_app | Demarage de l'application
2026-02-23 19:52:14,171 | INFO | devotion_app | Demarage de l'application
2026-02-23 19:52:23,505 | INFO | devotion_app | Demarage de l'application
2026-02-23 19:53:09,848 | INFO | devotion_app | Demarage de l'application
2026-02-23 19:55:47,555 | INFO | devotion_app | Demarage de l'application
2026-02-23 19:56:05,128 | INFO | devotion_app | Demarage de l'application
2026-02-23 19:57:55,999 | INFO | devotion_app | Demarage de l'application
2026-02-23 19:58:13,067 | INFO | devotion_app | Demarage de l'application
2026-02-23 19:58:29,519 | INFO | devotion_app | Demarage de l'application
2026-02-23 19:59:06,389 | INFO | devotion_app | Demarage de l'application
2026-02-23 20:28:40,268 | INFO | devotion_app | Demarage de l'application
2026-02-23 20:29:17,599 | INFO | devotion_app | Demarage de l'application
2026-02-23 20:30:21,278 | INFO | devotion_app | Demarage de l'application
2026-02-23 20:30:39,072 | INFO | devotion_app | Demarage de l'application
2026-02-23 20:31:10,328 | INFO | devotion_app | Demarage de l'application
2026-02-23 20:31:28,743 | INFO | devotion_app | Demarage de l'application
2026-02-23 20:31:46,388 | INFO | devotion_app | Demarage de l'application
2026-02-23 20:32:26,230 | INFO | devotion_app | Demarage de l'application
2026-02-23 20:32:48,506 | INFO | devotion_app | Demarage de l'application
2026-02-23 20:33:01,485 | INFO | devotion_app | POST http://127.0.0.1:5000/agent/extractBook   401
2026-02-23 20:33:20,799 | INFO | devotion_app | POST http://127.0.0.1:5000/auth/login   200
2026-02-23 20:35:54,651 | INFO | httpx | HTTP Request: POST http://localhost:11434/api/chat "HTTP/1.1 200 OK"
2026-02-23 20:35:54,663 | ERROR | devotion_app | Erreur inattendue dans safe_parse()
Traceback (most recent call last):
  File "E:\icc_cite_royale\projet_devotion\ai\services\JsonService.py", line 9, in safe_parse
    return json.loads(strip_markdown_json(text))
                      ^^^^^^^^^^^^^^^^^^^^^^^^^
  File "E:\icc_cite_royale\projet_devotion\utils\fonction.py", line 200, in strip_markdown_json
    cleaned = re.sub(r"```json(.*?)```", r"\1", text, flags=re.DOTALL | re.IGNORECASE)
              ^^^^^^^^^^^^^^^^^^^^^^^^^^^^^^^^^^^^^^^^^^^^^^^^^^^^^^^^^^^^^^^^^^^^^^^^
  File "C:\Program Files\WindowsApps\PythonSoftwareFoundation.Python.3.12_3.12.2800.0_x64__qbz5n2kfra8p0\Lib\re\__init__.py", line 186, in sub
    return _compile(pattern, flags).sub(repl, string, count)
           ^^^^^^^^^^^^^^^^^^^^^^^^^^^^^^^^^^^^^^^^^^^^^^^^^
TypeError: expected string or bytes-like object, got 'dict'
2026-02-23 20:36:53,374 | INFO | httpx | HTTP Request: POST http://localhost:11434/api/chat "HTTP/1.1 200 OK"
2026-02-23 20:36:53,383 | ERROR | devotion_app | Erreur inattendue dans safe_parse()
Traceback (most recent call last):
  File "E:\icc_cite_royale\projet_devotion\ai\services\JsonService.py", line 9, in safe_parse
    return json.loads(strip_markdown_json(text))
                      ^^^^^^^^^^^^^^^^^^^^^^^^^
  File "E:\icc_cite_royale\projet_devotion\utils\fonction.py", line 200, in strip_markdown_json
    cleaned = re.sub(r"```json(.*?)```", r"\1", text, flags=re.DOTALL | re.IGNORECASE)
              ^^^^^^^^^^^^^^^^^^^^^^^^^^^^^^^^^^^^^^^^^^^^^^^^^^^^^^^^^^^^^^^^^^^^^^^^
  File "C:\Program Files\WindowsApps\PythonSoftwareFoundation.Python.3.12_3.12.2800.0_x64__qbz5n2kfra8p0\Lib\re\__init__.py", line 186, in sub
    return _compile(pattern, flags).sub(repl, string, count)
           ^^^^^^^^^^^^^^^^^^^^^^^^^^^^^^^^^^^^^^^^^^^^^^^^^
TypeError: expected string or bytes-like object, got 'dict'
2026-02-23 20:37:42,833 | INFO | httpx | HTTP Request: POST http://localhost:11434/api/chat "HTTP/1.1 200 OK"
2026-02-23 20:37:42,845 | ERROR | devotion_app | Erreur inattendue dans safe_parse()
Traceback (most recent call last):
  File "E:\icc_cite_royale\projet_devotion\ai\services\JsonService.py", line 9, in safe_parse
    return json.loads(strip_markdown_json(text))
                      ^^^^^^^^^^^^^^^^^^^^^^^^^
  File "E:\icc_cite_royale\projet_devotion\utils\fonction.py", line 200, in strip_markdown_json
    cleaned = re.sub(r"```json(.*?)```", r"\1", text, flags=re.DOTALL | re.IGNORECASE)
              ^^^^^^^^^^^^^^^^^^^^^^^^^^^^^^^^^^^^^^^^^^^^^^^^^^^^^^^^^^^^^^^^^^^^^^^^
  File "C:\Program Files\WindowsApps\PythonSoftwareFoundation.Python.3.12_3.12.2800.0_x64__qbz5n2kfra8p0\Lib\re\__init__.py", line 186, in sub
    return _compile(pattern, flags).sub(repl, string, count)
           ^^^^^^^^^^^^^^^^^^^^^^^^^^^^^^^^^^^^^^^^^^^^^^^^^
TypeError: expected string or bytes-like object, got 'dict'
2026-02-23 20:39:36,862 | INFO | httpx | HTTP Request: POST http://localhost:11434/api/chat "HTTP/1.1 200 OK"
2026-02-23 20:39:36,873 | ERROR | devotion_app | Erreur inattendue dans safe_parse()
Traceback (most recent call last):
  File "E:\icc_cite_royale\projet_devotion\ai\services\JsonService.py", line 9, in safe_parse
    return json.loads(strip_markdown_json(text))
                      ^^^^^^^^^^^^^^^^^^^^^^^^^
  File "E:\icc_cite_royale\projet_devotion\utils\fonction.py", line 200, in strip_markdown_json
    cleaned = re.sub(r"```json(.*?)```", r"\1", text, flags=re.DOTALL | re.IGNORECASE)
              ^^^^^^^^^^^^^^^^^^^^^^^^^^^^^^^^^^^^^^^^^^^^^^^^^^^^^^^^^^^^^^^^^^^^^^^^
  File "C:\Program Files\WindowsApps\PythonSoftwareFoundation.Python.3.12_3.12.2800.0_x64__qbz5n2kfra8p0\Lib\re\__init__.py", line 186, in sub
    return _compile(pattern, flags).sub(repl, string, count)
           ^^^^^^^^^^^^^^^^^^^^^^^^^^^^^^^^^^^^^^^^^^^^^^^^^
TypeError: expected string or bytes-like object, got 'dict'
2026-02-23 20:39:49,862 | INFO | httpx | HTTP Request: POST http://localhost:11434/api/chat "HTTP/1.1 200 OK"
2026-02-23 20:39:49,871 | ERROR | devotion_app | Erreur inattendue dans safe_parse()
Traceback (most recent call last):
  File "E:\icc_cite_royale\projet_devotion\ai\services\JsonService.py", line 9, in safe_parse
    return json.loads(strip_markdown_json(text))
                      ^^^^^^^^^^^^^^^^^^^^^^^^^
  File "E:\icc_cite_royale\projet_devotion\utils\fonction.py", line 200, in strip_markdown_json
    cleaned = re.sub(r"```json(.*?)```", r"\1", text, flags=re.DOTALL | re.IGNORECASE)
              ^^^^^^^^^^^^^^^^^^^^^^^^^^^^^^^^^^^^^^^^^^^^^^^^^^^^^^^^^^^^^^^^^^^^^^^^
  File "C:\Program Files\WindowsApps\PythonSoftwareFoundation.Python.3.12_3.12.2800.0_x64__qbz5n2kfra8p0\Lib\re\__init__.py", line 186, in sub
    return _compile(pattern, flags).sub(repl, string, count)
           ^^^^^^^^^^^^^^^^^^^^^^^^^^^^^^^^^^^^^^^^^^^^^^^^^
TypeError: expected string or bytes-like object, got 'dict'
2026-02-23 20:40:34,018 | INFO | httpx | HTTP Request: POST http://localhost:11434/api/chat "HTTP/1.1 200 OK"
2026-02-23 20:40:34,026 | ERROR | devotion_app | Erreur inattendue dans safe_parse()
Traceback (most recent call last):
  File "E:\icc_cite_royale\projet_devotion\ai\services\JsonService.py", line 9, in safe_parse
    return json.loads(strip_markdown_json(text))
                      ^^^^^^^^^^^^^^^^^^^^^^^^^
  File "E:\icc_cite_royale\projet_devotion\utils\fonction.py", line 200, in strip_markdown_json
    cleaned = re.sub(r"```json(.*?)```", r"\1", text, flags=re.DOTALL | re.IGNORECASE)
              ^^^^^^^^^^^^^^^^^^^^^^^^^^^^^^^^^^^^^^^^^^^^^^^^^^^^^^^^^^^^^^^^^^^^^^^^
  File "C:\Program Files\WindowsApps\PythonSoftwareFoundation.Python.3.12_3.12.2800.0_x64__qbz5n2kfra8p0\Lib\re\__init__.py", line 186, in sub
    return _compile(pattern, flags).sub(repl, string, count)
           ^^^^^^^^^^^^^^^^^^^^^^^^^^^^^^^^^^^^^^^^^^^^^^^^^
TypeError: expected string or bytes-like object, got 'dict'
2026-02-23 20:41:48,681 | INFO | httpx | HTTP Request: POST http://localhost:11434/api/chat "HTTP/1.1 200 OK"
2026-02-23 20:41:48,689 | ERROR | devotion_app | Erreur inattendue dans safe_parse()
Traceback (most recent call last):
  File "E:\icc_cite_royale\projet_devotion\ai\services\JsonService.py", line 9, in safe_parse
    return json.loads(strip_markdown_json(text))
                      ^^^^^^^^^^^^^^^^^^^^^^^^^
  File "E:\icc_cite_royale\projet_devotion\utils\fonction.py", line 200, in strip_markdown_json
    cleaned = re.sub(r"```json(.*?)```", r"\1", text, flags=re.DOTALL | re.IGNORECASE)
              ^^^^^^^^^^^^^^^^^^^^^^^^^^^^^^^^^^^^^^^^^^^^^^^^^^^^^^^^^^^^^^^^^^^^^^^^
  File "C:\Program Files\WindowsApps\PythonSoftwareFoundation.Python.3.12_3.12.2800.0_x64__qbz5n2kfra8p0\Lib\re\__init__.py", line 186, in sub
    return _compile(pattern, flags).sub(repl, string, count)
           ^^^^^^^^^^^^^^^^^^^^^^^^^^^^^^^^^^^^^^^^^^^^^^^^^
TypeError: expected string or bytes-like object, got 'dict'
2026-02-23 20:44:08,596 | INFO | httpx | HTTP Request: POST http://localhost:11434/api/chat "HTTP/1.1 200 OK"
2026-02-23 20:44:08,613 | ERROR | devotion_app | Erreur inattendue dans safe_parse()
Traceback (most recent call last):
  File "E:\icc_cite_royale\projet_devotion\ai\services\JsonService.py", line 9, in safe_parse
    return json.loads(strip_markdown_json(text))
                      ^^^^^^^^^^^^^^^^^^^^^^^^^
  File "E:\icc_cite_royale\projet_devotion\utils\fonction.py", line 200, in strip_markdown_json
    cleaned = re.sub(r"```json(.*?)```", r"\1", text, flags=re.DOTALL | re.IGNORECASE)
              ^^^^^^^^^^^^^^^^^^^^^^^^^^^^^^^^^^^^^^^^^^^^^^^^^^^^^^^^^^^^^^^^^^^^^^^^
  File "C:\Program Files\WindowsApps\PythonSoftwareFoundation.Python.3.12_3.12.2800.0_x64__qbz5n2kfra8p0\Lib\re\__init__.py", line 186, in sub
    return _compile(pattern, flags).sub(repl, string, count)
           ^^^^^^^^^^^^^^^^^^^^^^^^^^^^^^^^^^^^^^^^^^^^^^^^^
TypeError: expected string or bytes-like object, got 'dict'
2026-02-23 20:52:52,840 | INFO | devotion_app | Demarage de l'application
2026-02-23 20:53:05,039 | INFO | devotion_app | GET http://127.0.0.1:5000/docs   200
2026-02-23 20:53:05,397 | INFO | devotion_app | GET http://127.0.0.1:5000/openapi.json   200
2026-02-23 20:53:35,161 | INFO | devotion_app | POST http://127.0.0.1:5000/auth/login   200
2026-02-23 20:54:12,835 | INFO | httpx | HTTP Request: POST http://localhost:11434/api/chat "HTTP/1.1 200 OK"
2026-02-23 20:54:12,846 | ERROR | devotion_app | Erreur inattendue dans safe_parse()
Traceback (most recent call last):
  File "E:\icc_cite_royale\projet_devotion\ai\services\JsonService.py", line 9, in safe_parse
    return json.loads(strip_markdown_json(text))
           ^^^^^^^^^^^^^^^^^^^^^^^^^^^^^^^^^^^^^
  File "C:\Program Files\WindowsApps\PythonSoftwareFoundation.Python.3.12_3.12.2800.0_x64__qbz5n2kfra8p0\Lib\json\__init__.py", line 339, in loads
    raise TypeError(f'the JSON object must be str, bytes or bytearray, '
TypeError: the JSON object must be str, bytes or bytearray, not dict
2026-02-23 20:54:12,847 | INFO | devotion_app | POST http://127.0.0.1:5000/agent/extractBook   200
2026-02-23 20:59:04,539 | INFO | httpx | HTTP Request: POST http://localhost:11434/api/chat "HTTP/1.1 200 OK"
2026-02-23 20:59:04,556 | ERROR | devotion_app | Erreur inattendue dans safe_parse()
Traceback (most recent call last):
  File "E:\icc_cite_royale\projet_devotion\ai\services\JsonService.py", line 9, in safe_parse
    return json.loads(strip_markdown_json(text))
           ^^^^^^^^^^^^^^^^^^^^^^^^^^^^^^^^^^^^^
  File "C:\Program Files\WindowsApps\PythonSoftwareFoundation.Python.3.12_3.12.2800.0_x64__qbz5n2kfra8p0\Lib\json\__init__.py", line 339, in loads
    raise TypeError(f'the JSON object must be str, bytes or bytearray, '
TypeError: the JSON object must be str, bytes or bytearray, not dict
2026-02-23 20:59:04,560 | INFO | devotion_app | POST http://127.0.0.1:5000/agent/extractBook   200
2026-02-23 21:18:39,578 | INFO | devotion_app | Demarage de l'application
2026-02-23 21:19:45,023 | INFO | httpx | HTTP Request: POST http://localhost:11434/api/chat "HTTP/1.1 200 OK"
2026-02-23 21:19:45,036 | INFO | devotion_app | POST http://127.0.0.1:5000/agent/extractBook   200
2026-02-24 12:40:27,886 | INFO | devotion_app | Demarage de l'application
2026-02-24 12:43:33,712 | INFO | devotion_app | Demarage de l'application
2026-02-24 12:54:59,911 | INFO | devotion_app | Demarage de l'application
2026-02-24 16:19:31,174 | INFO | devotion_app | Demarage de l'application
2026-02-24 16:19:40,235 | INFO | devotion_app | Demarage de l'application
2026-02-24 16:21:31,935 | INFO | devotion_app | Demarage de l'application
2026-02-24 17:28:54,637 | INFO | devotion_app | Demarage de l'application
2026-02-24 17:30:58,714 | INFO | devotion_app | Demarage de l'application
2026-02-24 17:31:31,262 | INFO | devotion_app | POST http://127.0.0.1:5000/auth/login   200
2026-02-24 17:34:53,463 | INFO | httpx | HTTP Request: POST http://localhost:11434/api/chat "HTTP/1.1 200 OK"
2026-02-24 17:34:53,473 | ERROR | devotion_app | JSON invalide renvoyé par le modèle : Expecting value: line 1 column 1 (char 0)
2026-02-24 17:37:21,455 | INFO | devotion_app | Demarage de l'application
2026-02-24 17:44:10,330 | INFO | httpx | HTTP Request: POST http://localhost:11434/api/chat "HTTP/1.1 200 OK"
2026-02-24 17:44:10,340 | INFO | devotion_app | POST http://127.0.0.1:5000/agent/extractBook   200
2026-02-24 17:46:11,820 | INFO | devotion_app | Demarage de l'application
2026-02-24 17:49:15,282 | INFO | devotion_app | Demarage de l'application
2026-02-24 17:55:37,082 | INFO | httpx | HTTP Request: POST http://localhost:11434/api/chat "HTTP/1.1 200 OK"
2026-02-24 17:55:37,091 | ERROR | devotion_app | JSON invalide renvoyé par le modèle : Expecting value: line 1 column 1 (char 0)
2026-02-24 17:55:37,092 | INFO | devotion_app | POST http://127.0.0.1:5000/agent/extractBook   200
2026-02-24 18:00:26,061 | INFO | devotion_app | Demarage de l'application
2026-02-24 18:00:45,134 | INFO | devotion_app | Demarage de l'application
2026-02-24 18:09:46,625 | INFO | devotion_app | Demarage de l'application
2026-02-24 18:10:07,672 | INFO | devotion_app | Demarage de l'application
2026-02-24 18:10:27,517 | INFO | devotion_app | Demarage de l'application
2026-02-24 18:10:43,572 | INFO | devotion_app | Demarage de l'application
2026-02-24 18:14:57,472 | INFO | devotion_app | Demarage de l'application
2026-02-24 18:15:23,738 | INFO | devotion_app | Demarage de l'application
2026-02-24 18:16:13,309 | INFO | devotion_app | Demarage de l'application
2026-02-24 18:17:19,874 | INFO | devotion_app | Demarage de l'application
2026-02-24 18:17:38,512 | INFO | devotion_app | Demarage de l'application
2026-02-24 18:18:27,794 | INFO | devotion_app | Demarage de l'application
2026-02-24 18:18:47,930 | INFO | devotion_app | Demarage de l'application
2026-02-24 18:22:13,016 | INFO | httpx | HTTP Request: POST http://localhost:11434/api/chat "HTTP/1.1 200 OK"
2026-02-24 18:22:13,031 | INFO | devotion_app | POST http://127.0.0.1:5000/agent/extractBook   200
2026-02-24 18:32:16,780 | INFO | devotion_app | Demarage de l'application
2026-02-24 18:35:17,245 | INFO | devotion_app | Demarage de l'application
2026-02-24 18:35:34,117 | INFO | devotion_app | Demarage de l'application
2026-02-24 18:40:48,765 | INFO | devotion_app | Demarage de l'application
2026-02-24 18:41:22,022 | INFO | devotion_app | Demarage de l'application
2026-02-24 18:41:49,669 | INFO | devotion_app | Demarage de l'application
2026-02-24 18:46:58,274 | INFO | devotion_app | Demarage de l'application
2026-02-24 18:50:16,230 | INFO | httpx | HTTP Request: POST http://localhost:11434/api/chat "HTTP/1.1 200 OK"
2026-02-24 18:50:16,241 | INFO | devotion_app | POST http://127.0.0.1:5000/agent/extractBook   200
2026-02-24 18:50:27,008 | INFO | devotion_app | Demarage de l'application
2026-02-24 18:51:59,038 | INFO | devotion_app | Demarage de l'application
2026-02-24 18:54:05,229 | INFO | devotion_app | Demarage de l'application
